<?xml version="1.0" encoding="UTF-8"?>
<coverage generated="1766732956984" clover="3.2.0">
  <project timestamp="1766732956984" name="All files">
    <metrics statements="193" coveredstatements="154" conditionals="84" coveredconditionals="37" methods="48" coveredmethods="25" elements="325" coveredelements="216" complexity="0" loc="193" ncloc="193" packages="9" files="14" classes="14"/>
    <package name="generated.prisma">
      <metrics statements="6" coveredstatements="6" conditionals="0" coveredconditionals="0" methods="0" coveredmethods="0"/>
      <file name="client.ts" path="C:\Users\Otzzu\Documents\test-xendit\src\generated\prisma\client.ts">
        <metrics statements="6" coveredstatements="6" conditionals="0" coveredconditionals="0" methods="0" coveredmethods="0"/>
        <line num="18" count="1" type="stmt"/>
        <line num="19" count="1" type="stmt"/>
        <line num="21" count="1" type="stmt"/>
        <line num="22" count="1" type="stmt"/>
        <line num="36" count="1" type="stmt"/>
        <line num="38" count="1" type="stmt"/>
      </file>
    </package>
    <package name="generated.prisma.internal">
      <metrics statements="39" coveredstatements="32" conditionals="0" coveredconditionals="0" methods="9" coveredmethods="1"/>
      <file name="class.ts" path="C:\Users\Otzzu\Documents\test-xendit\src\generated\prisma\internal\class.ts">
        <metrics statements="13" coveredstatements="6" conditionals="0" coveredconditionals="0" methods="9" coveredmethods="1"/>
        <line num="14" count="1" type="stmt"/>
        <line num="18" count="1" type="stmt"/>
        <line num="31" count="1" type="stmt"/>
        <line num="34" count="0" type="stmt"/>
        <line num="35" count="0" type="stmt"/>
        <line num="36" count="0" type="stmt"/>
        <line num="39" count="1" type="stmt"/>
        <line num="40" count="0" type="stmt"/>
        <line num="42" count="0" type="stmt"/>
        <line num="43" count="0" type="stmt"/>
        <line num="44" count="0" type="stmt"/>
        <line num="198" count="1" type="stmt"/>
        <line num="199" count="1" type="stmt"/>
      </file>
      <file name="prismaNamespace.ts" path="C:\Users\Otzzu\Documents\test-xendit\src\generated\prisma\internal\prismaNamespace.ts">
        <metrics statements="26" coveredstatements="26" conditionals="0" coveredconditionals="0" methods="0" coveredmethods="0"/>
        <line num="18" count="1" type="stmt"/>
        <line num="32" count="1" type="stmt"/>
        <line num="35" count="1" type="stmt"/>
        <line num="38" count="1" type="stmt"/>
        <line num="41" count="1" type="stmt"/>
        <line num="44" count="1" type="stmt"/>
        <line num="50" count="1" type="stmt"/>
        <line num="51" count="1" type="stmt"/>
        <line num="52" count="1" type="stmt"/>
        <line num="53" count="1" type="stmt"/>
        <line num="54" count="1" type="stmt"/>
        <line num="62" count="1" type="stmt"/>
        <line num="71" count="1" type="stmt"/>
        <line num="86" count="1" type="stmt"/>
        <line num="104" count="1" type="stmt"/>
        <line num="114" count="1" type="stmt"/>
        <line num="121" count="1" type="stmt"/>
        <line num="128" count="1" type="stmt"/>
        <line num="386" count="1" type="stmt"/>
        <line num="585" count="1" type="stmt"/>
        <line num="595" count="1" type="stmt"/>
        <line num="605" count="1" type="stmt"/>
        <line num="620" count="1" type="stmt"/>
        <line num="628" count="1" type="stmt"/>
        <line num="636" count="1" type="stmt"/>
        <line num="712" count="1" type="stmt"/>
      </file>
    </package>
    <package name="infrastructure.gateways">
      <metrics statements="21" coveredstatements="9" conditionals="10" coveredconditionals="2" methods="6" coveredmethods="3"/>
      <file name="cybersource.simulator.ts" path="C:\Users\Otzzu\Documents\test-xendit\src\infrastructure\gateways\cybersource.simulator.ts">
        <metrics statements="21" coveredstatements="9" conditionals="10" coveredconditionals="2" methods="6" coveredmethods="3"/>
        <line num="14" count="2" type="stmt"/>
        <line num="18" count="7" type="cond" truecount="0" falsecount="1"/>
        <line num="19" count="7" type="cond" truecount="0" falsecount="1"/>
        <line num="20" count="7" type="cond" truecount="1" falsecount="0"/>
        <line num="23" count="7" type="stmt"/>
        <line num="27" count="5" type="stmt"/>
        <line num="28" count="5" type="stmt"/>
        <line num="29" count="5" type="stmt"/>
        <line num="33" count="5" type="stmt"/>
        <line num="34" count="0" type="stmt"/>
        <line num="35" count="0" type="stmt"/>
        <line num="36" count="0" type="stmt"/>
        <line num="41" count="0" type="cond" truecount="0" falsecount="2"/>
        <line num="42" count="0" type="stmt"/>
        <line num="44" count="0" type="stmt"/>
        <line num="47" count="0" type="stmt"/>
        <line num="53" count="0" type="cond" truecount="0" falsecount="1"/>
        <line num="54" count="0" type="stmt"/>
        <line num="56" count="0" type="cond" truecount="0" falsecount="3"/>
        <line num="57" count="0" type="stmt"/>
        <line num="59" count="0" type="stmt"/>
      </file>
    </package>
    <package name="infrastructure.persistance.memory">
      <metrics statements="35" coveredstatements="33" conditionals="3" coveredconditionals="3" methods="14" coveredmethods="12"/>
      <file name="account.repository.memory.ts" path="C:\Users\Otzzu\Documents\test-xendit\src\infrastructure\persistance\memory\account.repository.memory.ts">
        <metrics statements="14" coveredstatements="13" conditionals="1" coveredconditionals="1" methods="3" coveredmethods="2"/>
        <line num="4" count="2" type="stmt"/>
        <line num="6" count="2" type="stmt"/>
        <line num="8" count="10" type="stmt"/>
        <line num="9" count="10" type="cond" truecount="1" falsecount="0"/>
        <line num="11" count="7" type="stmt"/>
        <line num="12" count="7" type="stmt"/>
        <line num="13" count="7" type="stmt"/>
        <line num="14" count="7" type="stmt"/>
        <line num="18" count="0" type="stmt"/>
        <line num="22" count="1" type="stmt"/>
        <line num="23" count="1" type="stmt"/>
        <line num="25" count="1" type="stmt"/>
        <line num="31" count="1" type="stmt"/>
        <line num="32" count="1" type="stmt"/>
      </file>
      <file name="memory-db.ts" path="C:\Users\Otzzu\Documents\test-xendit\src\infrastructure\persistance\memory\memory-db.ts">
        <metrics statements="11" coveredstatements="11" conditionals="1" coveredconditionals="1" methods="3" coveredmethods="3"/>
        <line num="7" count="2" type="stmt"/>
        <line num="8" count="2" type="stmt"/>
        <line num="9" count="2" type="stmt"/>
        <line num="14" count="2" type="cond" truecount="1" falsecount="0"/>
        <line num="15" count="2" type="stmt"/>
        <line num="17" count="2" type="stmt"/>
        <line num="21" count="9" type="stmt"/>
        <line num="22" count="9" type="stmt"/>
        <line num="23" count="9" type="stmt"/>
        <line num="24" count="9" type="stmt"/>
        <line num="28" count="2" type="stmt"/>
      </file>
      <file name="transaction.repository.memory.ts" path="C:\Users\Otzzu\Documents\test-xendit\src\infrastructure\persistance\memory\transaction.repository.memory.ts">
        <metrics statements="10" coveredstatements="9" conditionals="1" coveredconditionals="1" methods="8" coveredmethods="7"/>
        <line num="4" count="1" type="stmt"/>
        <line num="6" count="1" type="stmt"/>
        <line num="8" count="5" type="stmt"/>
        <line num="9" count="5" type="stmt"/>
        <line num="10" count="5" type="stmt"/>
        <line num="14" count="3" type="stmt"/>
        <line num="18" count="5" type="stmt"/>
        <line num="22" count="3" type="stmt"/>
        <line num="23" count="3" type="cond" truecount="1" falsecount="0"/>
        <line num="27" count="0" type="stmt"/>
      </file>
    </package>
    <package name="infrastructure.persistance.postgres">
      <metrics statements="24" coveredstatements="8" conditionals="36" coveredconditionals="0" methods="10" coveredmethods="0"/>
      <file name="account.repository.postgres.ts" path="C:\Users\Otzzu\Documents\test-xendit\src\infrastructure\persistance\postgres\account.repository.postgres.ts">
        <metrics statements="8" coveredstatements="1" conditionals="0" coveredconditionals="0" methods="4" coveredmethods="0"/>
        <line num="6" count="0" type="stmt"/>
        <line num="13" count="1" type="stmt"/>
        <line num="14" count="0" type="stmt"/>
        <line num="17" count="0" type="stmt"/>
        <line num="22" count="0" type="stmt"/>
        <line num="27" count="0" type="stmt"/>
        <line num="33" count="0" type="stmt"/>
        <line num="38" count="0" type="stmt"/>
      </file>
      <file name="prisma.ts" path="C:\Users\Otzzu\Documents\test-xendit\src\infrastructure\persistance\postgres\prisma.ts">
        <metrics statements="6" coveredstatements="6" conditionals="0" coveredconditionals="0" methods="0" coveredmethods="0"/>
        <line num="1" count="1" type="stmt"/>
        <line num="2" count="1" type="stmt"/>
        <line num="3" count="1" type="stmt"/>
        <line num="5" count="1" type="stmt"/>
        <line num="6" count="1" type="stmt"/>
        <line num="7" count="1" type="stmt"/>
      </file>
      <file name="transaction.repository.postgres.ts" path="C:\Users\Otzzu\Documents\test-xendit\src\infrastructure\persistance\postgres\transaction.repository.postgres.ts">
        <metrics statements="10" coveredstatements="1" conditionals="36" coveredconditionals="0" methods="6" coveredmethods="0"/>
        <line num="6" count="0" type="stmt"/>
        <line num="19" count="1" type="stmt"/>
        <line num="20" count="0" type="stmt"/>
        <line num="23" count="0" type="stmt"/>
        <line num="32" count="0" type="stmt"/>
        <line num="36" count="0" type="stmt"/>
        <line num="37" count="0" type="cond" truecount="0" falsecount="2"/>
        <line num="41" count="0" type="stmt"/>
        <line num="42" count="0" type="cond" truecount="0" falsecount="2"/>
        <line num="46" count="0" type="stmt"/>
      </file>
    </package>
    <package name="interface.http.payment">
      <metrics statements="26" coveredstatements="24" conditionals="26" coveredconditionals="24" methods="1" coveredmethods="1"/>
      <file name="payment.dto.ts" path="C:\Users\Otzzu\Documents\test-xendit\src\interface\http\payment\payment.dto.ts">
        <metrics statements="26" coveredstatements="24" conditionals="26" coveredconditionals="24" methods="1" coveredmethods="1"/>
        <line num="1" count="1" type="stmt"/>
        <line num="16" count="1" type="stmt"/>
        <line num="17" count="6" type="cond" truecount="2" falsecount="1"/>
        <line num="18" count="0" type="stmt"/>
        <line num="23" count="6" type="stmt"/>
        <line num="25" count="6" type="stmt"/>
        <line num="26" count="6" type="stmt"/>
        <line num="28" count="6" type="stmt"/>
        <line num="30" count="6" type="cond" truecount="3" falsecount="0"/>
        <line num="31" count="1" type="stmt"/>
        <line num="34" count="6" type="cond" truecount="3" falsecount="0"/>
        <line num="35" count="1" type="stmt"/>
        <line num="38" count="6" type="cond" truecount="4" falsecount="0"/>
        <line num="39" count="1" type="stmt"/>
        <line num="41" count="5" type="stmt"/>
        <line num="42" count="5" type="cond" truecount="2" falsecount="1"/>
        <line num="43" count="0" type="stmt"/>
        <line num="45" count="5" type="cond" truecount="3" falsecount="0"/>
        <line num="46" count="1" type="stmt"/>
        <line num="48" count="5" type="cond" truecount="3" falsecount="0"/>
        <line num="49" count="1" type="stmt"/>
        <line num="51" count="5" type="cond" truecount="3" falsecount="0"/>
        <line num="52" count="1" type="stmt"/>
        <line num="56" count="6" type="cond" truecount="1" falsecount="0"/>
        <line num="57" count="4" type="stmt"/>
        <line num="60" count="2" type="stmt"/>
      </file>
    </package>
    <package name="modules.account">
      <metrics statements="4" coveredstatements="4" conditionals="0" coveredconditionals="0" methods="3" coveredmethods="3"/>
      <file name="account.service.ts" path="C:\Users\Otzzu\Documents\test-xendit\src\modules\account\account.service.ts">
        <metrics statements="4" coveredstatements="4" conditionals="0" coveredconditionals="0" methods="3" coveredmethods="3"/>
        <line num="4" count="3" type="stmt"/>
        <line num="5" count="9" type="stmt"/>
        <line num="8" count="1" type="stmt"/>
        <line num="12" count="9" type="stmt"/>
      </file>
    </package>
    <package name="modules.transaction">
      <metrics statements="33" coveredstatements="33" conditionals="9" coveredconditionals="8" methods="4" coveredmethods="4"/>
      <file name="transaction.service.ts" path="C:\Users\Otzzu\Documents\test-xendit\src\modules\transaction\transaction.service.ts">
        <metrics statements="33" coveredstatements="33" conditionals="9" coveredconditionals="8" methods="4" coveredmethods="4"/>
        <line num="1" count="2" type="stmt"/>
        <line num="6" count="2" type="stmt"/>
        <line num="8" count="2" type="stmt"/>
        <line num="10" count="7" type="stmt"/>
        <line num="11" count="7" type="stmt"/>
        <line num="12" count="7" type="stmt"/>
        <line num="16" count="5" type="stmt"/>
        <line num="17" count="5" type="stmt"/>
        <line num="19" count="5" type="stmt"/>
        <line num="20" count="5" type="stmt"/>
        <line num="31" count="5" type="stmt"/>
        <line num="32" count="5" type="cond" truecount="1" falsecount="0"/>
        <line num="33" count="1" type="stmt"/>
        <line num="34" count="1" type="stmt"/>
        <line num="38" count="4" type="cond" truecount="3" falsecount="0"/>
        <line num="39" count="1" type="stmt"/>
        <line num="40" count="1" type="stmt"/>
        <line num="43" count="3" type="stmt"/>
        <line num="45" count="3" type="cond" truecount="2" falsecount="0"/>
        <line num="46" count="2" type="stmt"/>
        <line num="47" count="2" type="stmt"/>
        <line num="48" count="2" type="stmt"/>
        <line num="49" count="2" type="stmt"/>
        <line num="50" count="2" type="stmt"/>
        <line num="51" count="2" type="stmt"/>
        <line num="53" count="1" type="stmt"/>
        <line num="54" count="1" type="cond" truecount="1" falsecount="1"/>
        <line num="55" count="1" type="stmt"/>
        <line num="56" count="1" type="stmt"/>
        <line num="57" count="1" type="stmt"/>
        <line num="62" count="3" type="stmt"/>
        <line num="63" count="3" type="cond" truecount="1" falsecount="0"/>
        <line num="64" count="2" type="stmt"/>
      </file>
    </package>
    <package name="shared.errors">
      <metrics statements="5" coveredstatements="5" conditionals="0" coveredconditionals="0" methods="1" coveredmethods="1"/>
      <file name="http-error.ts" path="C:\Users\Otzzu\Documents\test-xendit\src\shared\errors\http-error.ts">
        <metrics statements="5" coveredstatements="5" conditionals="0" coveredconditionals="0" methods="1" coveredmethods="1"/>
        <line num="1" count="3" type="stmt"/>
        <line num="3" count="5" type="stmt"/>
        <line num="4" count="5" type="stmt"/>
        <line num="6" count="5" type="stmt"/>
        <line num="8" count="5" type="stmt"/>
      </file>
    </package>
  </project>
</coverage>
