{"C:\\Users\\Otzzu\\Documents\\test-xendit\\src\\infrastructure\\gateways\\cybersource.simulator.ts": {"path":"C:\\Users\\Otzzu\\Documents\\test-xendit\\src\\infrastructure\\gateways\\cybersource.simulator.ts","statementMap":{"0":{"start":{"line":1,"column":0},"end":{"line":1,"column":59}},"1":{"start":{"line":16,"column":25},"end":{"line":16,"column":53}},"2":{"start":{"line":17,"column":25},"end":{"line":17,"column":45}},"3":{"start":{"line":18,"column":25},"end":{"line":18,"column":44}},"4":{"start":{"line":22,"column":8},"end":{"line":22,"column":87}},"5":{"start":{"line":26,"column":8},"end":{"line":26,"column":72}},"6":{"start":{"line":26,"column":33},"end":{"line":26,"column":70}},"7":{"start":{"line":28,"column":8},"end":{"line":30,"column":9}},"8":{"start":{"line":29,"column":12},"end":{"line":29,"column":99}},"9":{"start":{"line":32,"column":8},"end":{"line":34,"column":9}},"10":{"start":{"line":33,"column":12},"end":{"line":33,"column":99}},"11":{"start":{"line":36,"column":8},"end":{"line":36,"column":92}},"12":{"start":{"line":14,"column":0},"end":{"line":14,"column":13}}},"fnMap":{"0":{"name":"(anonymous_7)","decl":{"start":{"line":15,"column":4},"end":{"line":15,"column":null}},"loc":{"start":{"line":18,"column":47},"end":{"line":19,"column":9}}},"1":{"name":"(anonymous_8)","decl":{"start":{"line":21,"column":4},"end":{"line":21,"column":13}},"loc":{"start":{"line":21,"column":49},"end":{"line":23,"column":5}}},"2":{"name":"(anonymous_9)","decl":{"start":{"line":25,"column":10},"end":{"line":25,"column":16}},"loc":{"start":{"line":25,"column":31},"end":{"line":37,"column":null}}},"3":{"name":"(anonymous_11)","decl":{"start":{"line":26,"column":26},"end":{"line":26,"column":27}},"loc":{"start":{"line":26,"column":33},"end":{"line":26,"column":70}}}},"branchMap":{"0":{"loc":{"start":{"line":16,"column":25},"end":{"line":16,"column":58}},"type":"default-arg","locations":[{"start":{"line":16,"column":53},"end":{"line":16,"column":58}}]},"1":{"loc":{"start":{"line":17,"column":25},"end":{"line":17,"column":56}},"type":"default-arg","locations":[{"start":{"line":17,"column":45},"end":{"line":17,"column":56}}]},"2":{"loc":{"start":{"line":18,"column":25},"end":{"line":18,"column":47}},"type":"default-arg","locations":[{"start":{"line":18,"column":44},"end":{"line":18,"column":47}}]},"3":{"loc":{"start":{"line":28,"column":8},"end":{"line":30,"column":9}},"type":"if","locations":[{"start":{"line":28,"column":8},"end":{"line":30,"column":9}},{"start":{},"end":{}}]},"4":{"loc":{"start":{"line":32,"column":8},"end":{"line":34,"column":9}},"type":"if","locations":[{"start":{"line":32,"column":8},"end":{"line":34,"column":9}},{"start":{},"end":{}}]},"5":{"loc":{"start":{"line":32,"column":12},"end":{"line":32,"column":72}},"type":"binary-expr","locations":[{"start":{"line":32,"column":12},"end":{"line":32,"column":39}},{"start":{"line":32,"column":43},"end":{"line":32,"column":72}}]}},"s":{"0":1,"1":6,"2":6,"3":6,"4":3,"5":3,"6":3,"7":3,"8":1,"9":2,"10":0,"11":2,"12":1},"f":{"0":6,"1":3,"2":3,"3":3},"b":{"0":[0],"1":[0],"2":[6],"3":[1,2],"4":[0,2],"5":[2,0]}}
,"C:\\Users\\Otzzu\\Documents\\test-xendit\\src\\infrastructure\\persistance\\account.repository.memory.ts": {"path":"C:\\Users\\Otzzu\\Documents\\test-xendit\\src\\infrastructure\\persistance\\account.repository.memory.ts","statementMap":{"0":{"start":{"line":4,"column":0},"end":{"line":4,"column":33}},"1":{"start":{"line":8,"column":25},"end":{"line":8,"column":51}},"2":{"start":{"line":9,"column":8},"end":{"line":9,"column":38}},"3":{"start":{"line":9,"column":22},"end":{"line":9,"column":38}},"4":{"start":{"line":11,"column":20},"end":{"line":11,"column":44}},"5":{"start":{"line":12,"column":33},"end":{"line":12,"column":78}},"6":{"start":{"line":13,"column":8},"end":{"line":13,"column":44}},"7":{"start":{"line":14,"column":8},"end":{"line":14,"column":23}},"8":{"start":{"line":18,"column":8},"end":{"line":18,"column":42}},"9":{"start":{"line":22,"column":20},"end":{"line":22,"column":47}},"10":{"start":{"line":23,"column":20},"end":{"line":23,"column":44}},"11":{"start":{"line":25,"column":21},"end":{"line":28,"column":null}},"12":{"start":{"line":31,"column":8},"end":{"line":31,"column":44}},"13":{"start":{"line":32,"column":8},"end":{"line":32,"column":23}},"14":{"start":{"line":6,"column":0},"end":{"line":6,"column":13}}},"fnMap":{"0":{"name":"(anonymous_0)","decl":{"start":{"line":7,"column":4},"end":{"line":7,"column":15}},"loc":{"start":{"line":7,"column":33},"end":{"line":15,"column":5}}},"1":{"name":"(anonymous_1)","decl":{"start":{"line":17,"column":4},"end":{"line":17,"column":7}},"loc":{"start":{"line":17,"column":25},"end":{"line":19,"column":5}}},"2":{"name":"(anonymous_2)","decl":{"start":{"line":21,"column":4},"end":{"line":21,"column":10}},"loc":{"start":{"line":21,"column":44},"end":{"line":33,"column":5}}}},"branchMap":{"0":{"loc":{"start":{"line":9,"column":8},"end":{"line":9,"column":38}},"type":"if","locations":[{"start":{"line":9,"column":8},"end":{"line":9,"column":38}},{"start":{},"end":{}}]}},"s":{"0":2,"1":11,"2":11,"3":7,"4":4,"5":4,"6":4,"7":4,"8":0,"9":3,"10":3,"11":3,"12":3,"13":3,"14":2},"f":{"0":11,"1":0,"2":3},"b":{"0":[7,4]}}
,"C:\\Users\\Otzzu\\Documents\\test-xendit\\src\\infrastructure\\persistance\\memory-db.ts": {"path":"C:\\Users\\Otzzu\\Documents\\test-xendit\\src\\infrastructure\\persistance\\memory-db.ts","statementMap":{"0":{"start":{"line":7,"column":11},"end":{"line":7,"column":44}},"1":{"start":{"line":8,"column":11},"end":{"line":8,"column":36}},"2":{"start":{"line":9,"column":11},"end":{"line":9,"column":54}},"3":{"start":{"line":14,"column":8},"end":{"line":16,"column":9}},"4":{"start":{"line":15,"column":12},"end":{"line":15,"column":47}},"5":{"start":{"line":17,"column":8},"end":{"line":17,"column":33}},"6":{"start":{"line":21,"column":8},"end":{"line":21,"column":31}},"7":{"start":{"line":22,"column":8},"end":{"line":22,"column":38}},"8":{"start":{"line":23,"column":8},"end":{"line":23,"column":30}},"9":{"start":{"line":24,"column":8},"end":{"line":24,"column":44}},"10":{"start":{"line":28,"column":13},"end":{"line":28,"column":41}}},"fnMap":{"0":{"name":"(anonymous_0)","decl":{"start":{"line":11,"column":4},"end":{"line":11,"column":28}},"loc":{"start":{"line":11,"column":4},"end":{"line":11,"column":29}}},"1":{"name":"(anonymous_1)","decl":{"start":{"line":13,"column":11},"end":{"line":13,"column":17}},"loc":{"start":{"line":13,"column":29},"end":{"line":18,"column":5}}},"2":{"name":"(anonymous_2)","decl":{"start":{"line":20,"column":11},"end":{"line":20,"column":16}},"loc":{"start":{"line":20,"column":16},"end":{"line":25,"column":5}}}},"branchMap":{"0":{"loc":{"start":{"line":14,"column":8},"end":{"line":16,"column":9}},"type":"if","locations":[{"start":{"line":14,"column":8},"end":{"line":16,"column":9}},{"start":{},"end":{}}]}},"s":{"0":2,"1":2,"2":2,"3":2,"4":2,"5":2,"6":7,"7":7,"8":7,"9":7,"10":2},"f":{"0":2,"1":2,"2":7},"b":{"0":[2,0]}}
,"C:\\Users\\Otzzu\\Documents\\test-xendit\\src\\infrastructure\\persistance\\transaction.repository.memory.ts": {"path":"C:\\Users\\Otzzu\\Documents\\test-xendit\\src\\infrastructure\\persistance\\transaction.repository.memory.ts","statementMap":{"0":{"start":{"line":4,"column":0},"end":{"line":4,"column":33}},"1":{"start":{"line":8,"column":17},"end":{"line":8,"column":76}},"2":{"start":{"line":9,"column":4},"end":{"line":9,"column":34}},"3":{"start":{"line":10,"column":4},"end":{"line":10,"column":19}},"4":{"start":{"line":14,"column":4},"end":{"line":14,"column":52}},"5":{"start":{"line":14,"column":39},"end":{"line":14,"column":50}},"6":{"start":{"line":18,"column":16},"end":{"line":18,"column":69}},"7":{"start":{"line":18,"column":49},"end":{"line":18,"column":68}},"8":{"start":{"line":19,"column":4},"end":{"line":19,"column":51}},"9":{"start":{"line":19,"column":20},"end":{"line":19,"column":51}},"10":{"start":{"line":23,"column":4},"end":{"line":23,"column":15}},"11":{"start":{"line":6,"column":0},"end":{"line":6,"column":13}}},"fnMap":{"0":{"name":"(anonymous_0)","decl":{"start":{"line":7,"column":2},"end":{"line":7,"column":6}},"loc":{"start":{"line":7,"column":37},"end":{"line":11,"column":3}}},"1":{"name":"(anonymous_1)","decl":{"start":{"line":13,"column":2},"end":{"line":13,"column":10}},"loc":{"start":{"line":13,"column":21},"end":{"line":15,"column":3}}},"2":{"name":"(anonymous_2)","decl":{"start":{"line":14,"column":32},"end":{"line":14,"column":33}},"loc":{"start":{"line":14,"column":39},"end":{"line":14,"column":50}}},"3":{"name":"(anonymous_3)","decl":{"start":{"line":17,"column":2},"end":{"line":17,"column":8}},"loc":{"start":{"line":17,"column":29},"end":{"line":20,"column":3}}},"4":{"name":"(anonymous_4)","decl":{"start":{"line":18,"column":42},"end":{"line":18,"column":43}},"loc":{"start":{"line":18,"column":49},"end":{"line":18,"column":68}}},"5":{"name":"(anonymous_5)","decl":{"start":{"line":22,"column":2},"end":{"line":22,"column":7}},"loc":{"start":{"line":22,"column":7},"end":{"line":24,"column":3}}}},"branchMap":{"0":{"loc":{"start":{"line":19,"column":4},"end":{"line":19,"column":51}},"type":"if","locations":[{"start":{"line":19,"column":4},"end":{"line":19,"column":51}},{"start":{},"end":{}}]}},"s":{"0":1,"1":5,"2":5,"3":5,"4":12,"5":11,"6":3,"7":3,"8":3,"9":3,"10":0,"11":1},"f":{"0":5,"1":12,"2":11,"3":3,"4":3,"5":0},"b":{"0":[3,0]}}
,"C:\\Users\\Otzzu\\Documents\\test-xendit\\src\\interface\\http\\payment\\payment.dto.ts": {"path":"C:\\Users\\Otzzu\\Documents\\test-xendit\\src\\interface\\http\\payment\\payment.dto.ts","statementMap":{"0":{"start":{"line":8,"column":0},"end":{"line":8,"column":16}},"1":{"start":{"line":1,"column":0},"end":{"line":1,"column":62}},"2":{"start":{"line":9,"column":2},"end":{"line":13,"column":3}},"3":{"start":{"line":10,"column":4},"end":{"line":12,"column":7}},"4":{"start":{"line":15,"column":57},"end":{"line":15,"column":88}},"5":{"start":{"line":17,"column":20},"end":{"line":17,"column":40}},"6":{"start":{"line":18,"column":17},"end":{"line":18,"column":34}},"7":{"start":{"line":20,"column":42},"end":{"line":20,"column":44}},"8":{"start":{"line":22,"column":2},"end":{"line":24,"column":3}},"9":{"start":{"line":23,"column":4},"end":{"line":23,"column":55}},"10":{"start":{"line":26,"column":2},"end":{"line":28,"column":3}},"11":{"start":{"line":27,"column":4},"end":{"line":27,"column":52}},"12":{"start":{"line":30,"column":2},"end":{"line":32,"column":3}},"13":{"start":{"line":31,"column":4},"end":{"line":31,"column":85}},"14":{"start":{"line":34,"column":2},"end":{"line":34,"column":31}}},"fnMap":{"0":{"name":"validateCreatePaymentRequest","decl":{"start":{"line":8,"column":16},"end":{"line":8,"column":44}},"loc":{"start":{"line":8,"column":58},"end":{"line":35,"column":1}}}},"branchMap":{"0":{"loc":{"start":{"line":9,"column":2},"end":{"line":13,"column":3}},"type":"if","locations":[{"start":{"line":9,"column":2},"end":{"line":13,"column":3}},{"start":{},"end":{}}]},"1":{"loc":{"start":{"line":9,"column":6},"end":{"line":9,"column":47}},"type":"binary-expr","locations":[{"start":{"line":9,"column":6},"end":{"line":9,"column":30}},{"start":{"line":9,"column":34},"end":{"line":9,"column":47}}]},"2":{"loc":{"start":{"line":22,"column":2},"end":{"line":24,"column":3}},"type":"if","locations":[{"start":{"line":22,"column":2},"end":{"line":24,"column":3}},{"start":{},"end":{}}]},"3":{"loc":{"start":{"line":22,"column":6},"end":{"line":22,"column":51}},"type":"binary-expr","locations":[{"start":{"line":22,"column":6},"end":{"line":22,"column":33}},{"start":{"line":22,"column":37},"end":{"line":22,"column":51}}]},"4":{"loc":{"start":{"line":26,"column":2},"end":{"line":28,"column":3}},"type":"if","locations":[{"start":{"line":26,"column":2},"end":{"line":28,"column":3}},{"start":{},"end":{}}]},"5":{"loc":{"start":{"line":26,"column":6},"end":{"line":26,"column":45}},"type":"binary-expr","locations":[{"start":{"line":26,"column":6},"end":{"line":26,"column":30}},{"start":{"line":26,"column":34},"end":{"line":26,"column":45}}]},"6":{"loc":{"start":{"line":30,"column":2},"end":{"line":32,"column":3}},"type":"if","locations":[{"start":{"line":30,"column":2},"end":{"line":32,"column":3}},{"start":{},"end":{}}]}},"s":{"0":1,"1":1,"2":6,"3":0,"4":6,"5":6,"6":6,"7":6,"8":6,"9":2,"10":6,"11":2,"12":6,"13":4,"14":2},"f":{"0":6},"b":{"0":[0,6],"1":[6,6],"2":[2,4],"3":[6,6],"4":[2,4],"5":[6,6],"6":[4,2]}}
,"C:\\Users\\Otzzu\\Documents\\test-xendit\\src\\modules\\account\\account.service.ts": {"path":"C:\\Users\\Otzzu\\Documents\\test-xendit\\src\\modules\\account\\account.service.ts","statementMap":{"0":{"start":{"line":5,"column":33},"end":{"line":5,"column":56}},"1":{"start":{"line":10,"column":8},"end":{"line":10,"column":53}},"2":{"start":{"line":10,"column":33},"end":{"line":10,"column":51}},"3":{"start":{"line":11,"column":8},"end":{"line":11,"column":51}},"4":{"start":{"line":15,"column":8},"end":{"line":15,"column":48}},"5":{"start":{"line":4,"column":0},"end":{"line":4,"column":13}}},"fnMap":{"0":{"name":"(anonymous_7)","decl":{"start":{"line":5,"column":4},"end":{"line":5,"column":33}},"loc":{"start":{"line":5,"column":56},"end":{"line":5,"column":61}}},"1":{"name":"(anonymous_8)","decl":{"start":{"line":8,"column":10},"end":{"line":8,"column":31}},"loc":{"start":{"line":8,"column":65},"end":{"line":12,"column":null}}},"2":{"name":"(anonymous_10)","decl":{"start":{"line":10,"column":26},"end":{"line":10,"column":27}},"loc":{"start":{"line":10,"column":33},"end":{"line":10,"column":51}}},"3":{"name":"(anonymous_11)","decl":{"start":{"line":14,"column":4},"end":{"line":14,"column":14}},"loc":{"start":{"line":14,"column":32},"end":{"line":16,"column":5}}}},"branchMap":{},"s":{"0":7,"1":3,"2":3,"3":3,"4":8,"5":2},"f":{"0":7,"1":3,"2":3,"3":8},"b":{}}
,"C:\\Users\\Otzzu\\Documents\\test-xendit\\src\\modules\\transaction\\transaction.service.ts": {"path":"C:\\Users\\Otzzu\\Documents\\test-xendit\\src\\modules\\transaction\\transaction.service.ts","statementMap":{"0":{"start":{"line":1,"column":0},"end":{"line":1,"column":59}},"1":{"start":{"line":9,"column":21},"end":{"line":9,"column":48}},"2":{"start":{"line":10,"column":21},"end":{"line":10,"column":50}},"3":{"start":{"line":11,"column":21},"end":{"line":11,"column":51}},"4":{"start":{"line":15,"column":23},"end":{"line":15,"column":64}},"5":{"start":{"line":17,"column":16},"end":{"line":17,"column":40}},"6":{"start":{"line":18,"column":4},"end":{"line":25,"column":7}},"7":{"start":{"line":29,"column":15},"end":{"line":29,"column":48}},"8":{"start":{"line":30,"column":4},"end":{"line":32,"column":5}},"9":{"start":{"line":31,"column":6},"end":{"line":31,"column":69}},"10":{"start":{"line":34,"column":4},"end":{"line":36,"column":5}},"11":{"start":{"line":35,"column":6},"end":{"line":35,"column":13}},"12":{"start":{"line":38,"column":4},"end":{"line":44,"column":5}},"13":{"start":{"line":39,"column":6},"end":{"line":43,"column":8}},"14":{"start":{"line":46,"column":4},"end":{"line":65,"column":5}},"15":{"start":{"line":47,"column":31},"end":{"line":47,"column":67}},"16":{"start":{"line":49,"column":18},"end":{"line":49,"column":42}},"17":{"start":{"line":50,"column":6},"end":{"line":50,"column":28}},"18":{"start":{"line":51,"column":6},"end":{"line":51,"column":37}},"19":{"start":{"line":52,"column":6},"end":{"line":52,"column":25}},"20":{"start":{"line":53,"column":6},"end":{"line":53,"column":27}},"21":{"start":{"line":55,"column":6},"end":{"line":55,"column":78}},"22":{"start":{"line":57,"column":18},"end":{"line":57,"column":42}},"23":{"start":{"line":58,"column":6},"end":{"line":58,"column":27}},"24":{"start":{"line":59,"column":6},"end":{"line":59,"column":61}},"25":{"start":{"line":60,"column":6},"end":{"line":60,"column":25}},"26":{"start":{"line":61,"column":6},"end":{"line":61,"column":27}},"27":{"start":{"line":64,"column":6},"end":{"line":64,"column":64}},"28":{"start":{"line":69,"column":15},"end":{"line":69,"column":37}},"29":{"start":{"line":70,"column":4},"end":{"line":70,"column":76}},"30":{"start":{"line":70,"column":13},"end":{"line":70,"column":76}},"31":{"start":{"line":71,"column":4},"end":{"line":71,"column":14}},"32":{"start":{"line":7,"column":0},"end":{"line":7,"column":13}}},"fnMap":{"0":{"name":"(anonymous_7)","decl":{"start":{"line":8,"column":2},"end":{"line":8,"column":null}},"loc":{"start":{"line":11,"column":51},"end":{"line":12,"column":7}}},"1":{"name":"(anonymous_8)","decl":{"start":{"line":14,"column":2},"end":{"line":14,"column":22}},"loc":{"start":{"line":14,"column":56},"end":{"line":26,"column":3}}},"2":{"name":"(anonymous_9)","decl":{"start":{"line":28,"column":8},"end":{"line":28,"column":25}},"loc":{"start":{"line":28,"column":47},"end":{"line":66,"column":null}}},"3":{"name":"(anonymous_11)","decl":{"start":{"line":68,"column":2},"end":{"line":68,"column":16}},"loc":{"start":{"line":68,"column":27},"end":{"line":72,"column":3}}}},"branchMap":{"0":{"loc":{"start":{"line":30,"column":4},"end":{"line":32,"column":5}},"type":"if","locations":[{"start":{"line":30,"column":4},"end":{"line":32,"column":5}},{"start":{},"end":{}}]},"1":{"loc":{"start":{"line":34,"column":4},"end":{"line":36,"column":5}},"type":"if","locations":[{"start":{"line":34,"column":4},"end":{"line":36,"column":5}},{"start":{},"end":{}}]},"2":{"loc":{"start":{"line":34,"column":8},"end":{"line":34,"column":57}},"type":"binary-expr","locations":[{"start":{"line":34,"column":8},"end":{"line":34,"column":31}},{"start":{"line":34,"column":35},"end":{"line":34,"column":57}}]},"3":{"loc":{"start":{"line":38,"column":4},"end":{"line":44,"column":5}},"type":"if","locations":[{"start":{"line":38,"column":4},"end":{"line":44,"column":5}},{"start":{},"end":{}}]},"4":{"loc":{"start":{"line":59,"column":25},"end":{"line":59,"column":60}},"type":"cond-expr","locations":[{"start":{"line":59,"column":37},"end":{"line":59,"column":41}},{"start":{"line":59,"column":41},"end":{"line":59,"column":60}}]},"5":{"loc":{"start":{"line":59,"column":25},"end":{"line":59,"column":41}},"type":"binary-expr","locations":[{"start":{"line":59,"column":25},"end":{"line":59,"column":41}},{"start":{"line":59,"column":37},"end":{"line":59,"column":41}}]},"6":{"loc":{"start":{"line":59,"column":25},"end":{"line":59,"column":37}},"type":"cond-expr","locations":[{"start":{"line":59,"column":28},"end":{"line":59,"column":30}},{"start":{"line":59,"column":25},"end":{"line":59,"column":37}}]},"7":{"loc":{"start":{"line":59,"column":25},"end":{"line":59,"column":30}},"type":"binary-expr","locations":[{"start":{"line":59,"column":25},"end":{"line":59,"column":30}},{"start":{"line":59,"column":25},"end":{"line":59,"column":30}}]},"8":{"loc":{"start":{"line":70,"column":4},"end":{"line":70,"column":76}},"type":"if","locations":[{"start":{"line":70,"column":4},"end":{"line":70,"column":76}},{"start":{},"end":{}}]}},"s":{"0":1,"1":6,"2":6,"3":6,"4":3,"5":3,"6":3,"7":7,"8":7,"9":1,"10":6,"11":2,"12":4,"13":1,"14":3,"15":3,"16":2,"17":2,"18":2,"19":2,"20":2,"21":2,"22":1,"23":1,"24":1,"25":1,"26":1,"27":1,"28":5,"29":5,"30":0,"31":5,"32":1},"f":{"0":6,"1":3,"2":7,"3":5},"b":{"0":[1,6],"1":[2,4],"2":[6,5],"3":[1,3],"4":[1,0],"5":[1,1],"6":[0,1],"7":[1,1],"8":[0,5]}}
,"C:\\Users\\Otzzu\\Documents\\test-xendit\\src\\shared\\errors\\http-error.ts": {"path":"C:\\Users\\Otzzu\\Documents\\test-xendit\\src\\shared\\errors\\http-error.ts","statementMap":{"0":{"start":{"line":8,"column":4},"end":{"line":8,"column":19}},"1":{"start":{"line":3,"column":20},"end":{"line":3,"column":38}},"2":{"start":{"line":4,"column":20},"end":{"line":4,"column":32}},"3":{"start":{"line":6,"column":20},"end":{"line":6,"column":52}},"4":{"start":{"line":1,"column":0},"end":{"line":1,"column":13}}},"fnMap":{"0":{"name":"(anonymous_0)","decl":{"start":{"line":2,"column":2},"end":{"line":2,"column":null}},"loc":{"start":{"line":6,"column":52},"end":{"line":9,"column":3}}}},"branchMap":{},"s":{"0":7,"1":7,"2":7,"3":7,"4":2},"f":{"0":7},"b":{}}
,"C:\\Users\\Otzzu\\Documents\\test-xendit\\src\\tests\\test-utils.ts": {"path":"C:\\Users\\Otzzu\\Documents\\test-xendit\\src\\tests\\test-utils.ts","statementMap":{"0":{"start":{"line":1,"column":0},"end":{"line":1,"column":22}},"1":{"start":{"line":1,"column":38},"end":{"line":5,"column":null}},"2":{"start":{"line":2,"column":2},"end":{"line":4,"column":3}},"3":{"start":{"line":2,"column":15},"end":{"line":2,"column":16}},"4":{"start":{"line":3,"column":4},"end":{"line":3,"column":28}}},"fnMap":{"0":{"name":"flushMicrotasks","decl":{"start":{"line":1,"column":22},"end":{"line":1,"column":37}},"loc":{"start":{"line":1,"column":37},"end":{"line":5,"column":null}}},"1":{"name":"(anonymous_8)","decl":{"start":{"line":1,"column":38},"end":{"line":1,"column":43}},"loc":{"start":{"line":1,"column":47},"end":{"line":5,"column":1}}}},"branchMap":{"0":{"loc":{"start":{"line":1,"column":38},"end":{"line":1,"column":47}},"type":"default-arg","locations":[{"start":{"line":1,"column":46},"end":{"line":1,"column":47}}]}},"s":{"0":2,"1":8,"2":8,"3":8,"4":40},"f":{"0":8,"1":8},"b":{"0":[8]}}
}
