{"C:\\Users\\Otzzu\\Documents\\test-xendit\\src\\generated\\prisma\\client.ts": {"path":"C:\\Users\\Otzzu\\Documents\\test-xendit\\src\\generated\\prisma\\client.ts","statementMap":{"0":{"start":{"line":18,"column":0},"end":{"line":18,"column":42}},"1":{"start":{"line":19,"column":0},"end":{"line":19,"column":52}},"2":{"start":{"line":38,"column":9},"end":{"line":38,"column":15}},"3":{"start":{"line":21,"column":0},"end":{"line":21,"column":33}},"4":{"start":{"line":22,"column":0},"end":{"line":22,"column":23}},"5":{"start":{"line":36,"column":13},"end":{"line":36,"column":null}}},"fnMap":{},"branchMap":{},"s":{"0":1,"1":1,"2":1,"3":1,"4":1,"5":1},"f":{},"b":{}}
,"C:\\Users\\Otzzu\\Documents\\test-xendit\\src\\generated\\prisma\\internal\\class.ts": {"path":"C:\\Users\\Otzzu\\Documents\\test-xendit\\src\\generated\\prisma\\internal\\class.ts","statementMap":{"0":{"start":{"line":198,"column":0},"end":{"line":198,"column":16}},"1":{"start":{"line":14,"column":0},"end":{"line":14,"column":56}},"2":{"start":{"line":18,"column":46},"end":{"line":29,"column":null}},"3":{"start":{"line":31,"column":0},"end":{"line":31,"column":null}},"4":{"start":{"line":34,"column":21},"end":{"line":34,"column":48}},"5":{"start":{"line":35,"column":20},"end":{"line":35,"column":53}},"6":{"start":{"line":36,"column":2},"end":{"line":36,"column":null}},"7":{"start":{"line":39,"column":0},"end":{"line":46,"column":null}},"8":{"start":{"line":40,"column":25},"end":{"line":40,"column":null}},"9":{"start":{"line":40,"column":26},"end":{"line":40,"column":null}},"10":{"start":{"line":40,"column":26},"end":{"line":40,"column":96}},"11":{"start":{"line":42,"column":41},"end":{"line":45,"column":null}},"12":{"start":{"line":43,"column":21},"end":{"line":43,"column":103}},"13":{"start":{"line":44,"column":4},"end":{"line":44,"column":null}},"14":{"start":{"line":199,"column":2},"end":{"line":199,"column":null}}},"fnMap":{"0":{"name":"decodeBase64AsWasm","decl":{"start":{"line":33,"column":15},"end":{"line":33,"column":33}},"loc":{"start":{"line":33,"column":52},"end":{"line":37,"column":null}}},"1":{"name":"(anonymous_18)","decl":{"start":{"line":34,"column":21},"end":{"line":34,"column":34}},"loc":{"start":{"line":34,"column":21},"end":{"line":34,"column":48}}},"2":{"name":"(anonymous_19)","decl":{"start":{"line":40,"column":14},"end":{"line":40,"column":23}},"loc":{"start":{"line":40,"column":25},"end":{"line":40,"column":null}}},"3":{"name":"(anonymous_20)","decl":{"start":{"line":40,"column":25},"end":{"line":40,"column":26}},"loc":{"start":{"line":40,"column":25},"end":{"line":40,"column":null}}},"4":{"name":"(anonymous_21)","decl":{"start":{"line":40,"column":26},"end":{"line":40,"column":39}},"loc":{"start":{"line":40,"column":26},"end":{"line":40,"column":96}}},"5":{"name":"(anonymous_22)","decl":{"start":{"line":42,"column":30},"end":{"line":42,"column":39}},"loc":{"start":{"line":42,"column":41},"end":{"line":45,"column":null}}},"6":{"name":"(anonymous_23)","decl":{"start":{"line":42,"column":41},"end":{"line":42,"column":null}},"loc":{"start":{"line":42,"column":41},"end":{"line":45,"column":3}}},"7":{"name":"(anonymous_24)","decl":{"start":{"line":43,"column":21},"end":{"line":43,"column":34}},"loc":{"start":{"line":43,"column":21},"end":{"line":43,"column":103}}},"8":{"name":"getPrismaClientClass","decl":{"start":{"line":198,"column":16},"end":{"line":198,"column":36}},"loc":{"start":{"line":198,"column":36},"end":{"line":200,"column":1}}}},"branchMap":{},"s":{"0":1,"1":1,"2":1,"3":1,"4":0,"5":0,"6":0,"7":1,"8":0,"9":0,"10":0,"11":0,"12":0,"13":0,"14":1},"f":{"0":0,"1":0,"2":0,"3":0,"4":0,"5":0,"6":0,"7":0,"8":1},"b":{}}
,"C:\\Users\\Otzzu\\Documents\\test-xendit\\src\\generated\\prisma\\internal\\prismaNamespace.ts": {"path":"C:\\Users\\Otzzu\\Documents\\test-xendit\\src\\generated\\prisma\\internal\\prismaNamespace.ts","statementMap":{"0":{"start":{"line":18,"column":0},"end":{"line":18,"column":56}},"1":{"start":{"line":32,"column":13},"end":{"line":32,"column":null}},"2":{"start":{"line":35,"column":13},"end":{"line":35,"column":null}},"3":{"start":{"line":38,"column":13},"end":{"line":38,"column":null}},"4":{"start":{"line":41,"column":13},"end":{"line":41,"column":null}},"5":{"start":{"line":44,"column":13},"end":{"line":44,"column":null}},"6":{"start":{"line":50,"column":13},"end":{"line":50,"column":null}},"7":{"start":{"line":51,"column":13},"end":{"line":51,"column":null}},"8":{"start":{"line":52,"column":13},"end":{"line":52,"column":null}},"9":{"start":{"line":53,"column":13},"end":{"line":53,"column":null}},"10":{"start":{"line":54,"column":13},"end":{"line":54,"column":null}},"11":{"start":{"line":62,"column":13},"end":{"line":62,"column":null}},"12":{"start":{"line":71,"column":13},"end":{"line":71,"column":null}},"13":{"start":{"line":86,"column":13},"end":{"line":89,"column":null}},"14":{"start":{"line":104,"column":13},"end":{"line":108,"column":null}},"15":{"start":{"line":114,"column":13},"end":{"line":114,"column":null}},"16":{"start":{"line":121,"column":13},"end":{"line":121,"column":null}},"17":{"start":{"line":128,"column":13},"end":{"line":128,"column":null}},"18":{"start":{"line":386,"column":13},"end":{"line":389,"column":null}},"19":{"start":{"line":585,"column":13},"end":{"line":590,"column":null}},"20":{"start":{"line":595,"column":13},"end":{"line":600,"column":null}},"21":{"start":{"line":605,"column":13},"end":{"line":615,"column":null}},"22":{"start":{"line":620,"column":13},"end":{"line":623,"column":null}},"23":{"start":{"line":628,"column":13},"end":{"line":631,"column":null}},"24":{"start":{"line":636,"column":13},"end":{"line":639,"column":null}},"25":{"start":{"line":712,"column":13},"end":{"line":712,"column":null}}},"fnMap":{},"branchMap":{},"s":{"0":1,"1":1,"2":1,"3":1,"4":1,"5":1,"6":1,"7":1,"8":1,"9":1,"10":1,"11":1,"12":1,"13":1,"14":1,"15":1,"16":1,"17":1,"18":1,"19":1,"20":1,"21":1,"22":1,"23":1,"24":1,"25":1},"f":{},"b":{}}
,"C:\\Users\\Otzzu\\Documents\\test-xendit\\src\\infrastructure\\gateways\\cybersource.simulator.ts": {"path":"C:\\Users\\Otzzu\\Documents\\test-xendit\\src\\infrastructure\\gateways\\cybersource.simulator.ts","statementMap":{"0":{"start":{"line":18,"column":25},"end":{"line":18,"column":53}},"1":{"start":{"line":19,"column":25},"end":{"line":19,"column":45}},"2":{"start":{"line":20,"column":25},"end":{"line":20,"column":44}},"3":{"start":{"line":23,"column":8},"end":{"line":23,"column":78}},"4":{"start":{"line":27,"column":23},"end":{"line":27,"column":82}},"5":{"start":{"line":28,"column":8},"end":{"line":28,"column":47}},"6":{"start":{"line":29,"column":8},"end":{"line":29,"column":26}},"7":{"start":{"line":33,"column":8},"end":{"line":49,"column":35}},"8":{"start":{"line":33,"column":30},"end":{"line":49,"column":11}},"9":{"start":{"line":34,"column":28},"end":{"line":34,"column":66}},"10":{"start":{"line":35,"column":12},"end":{"line":48,"column":13}},"11":{"start":{"line":36,"column":33},"end":{"line":40,"column":18}},"12":{"start":{"line":41,"column":16},"end":{"line":45,"column":17}},"13":{"start":{"line":42,"column":20},"end":{"line":42,"column":86}},"14":{"start":{"line":44,"column":20},"end":{"line":44,"column":95}},"15":{"start":{"line":47,"column":16},"end":{"line":47,"column":67}},"16":{"start":{"line":53,"column":8},"end":{"line":55,"column":9}},"17":{"start":{"line":54,"column":12},"end":{"line":54,"column":114}},"18":{"start":{"line":56,"column":8},"end":{"line":58,"column":9}},"19":{"start":{"line":57,"column":12},"end":{"line":57,"column":112}},"20":{"start":{"line":59,"column":8},"end":{"line":63,"column":10}},"21":{"start":{"line":14,"column":0},"end":{"line":14,"column":13}}},"fnMap":{"0":{"name":"(anonymous_7)","decl":{"start":{"line":17,"column":4},"end":{"line":17,"column":null}},"loc":{"start":{"line":21,"column":56},"end":{"line":24,"column":5}}},"1":{"name":"(anonymous_8)","decl":{"start":{"line":26,"column":4},"end":{"line":26,"column":13}},"loc":{"start":{"line":26,"column":49},"end":{"line":30,"column":5}}},"2":{"name":"(anonymous_9)","decl":{"start":{"line":32,"column":12},"end":{"line":32,"column":37}},"loc":{"start":{"line":32,"column":52},"end":{"line":50,"column":5}}},"3":{"name":"(anonymous_10)","decl":{"start":{"line":33,"column":19},"end":{"line":33,"column":28}},"loc":{"start":{"line":33,"column":30},"end":{"line":49,"column":11}}},"4":{"name":"(anonymous_11)","decl":{"start":{"line":33,"column":30},"end":{"line":33,"column":null}},"loc":{"start":{"line":33,"column":30},"end":{"line":49,"column":9}}},"5":{"name":"(anonymous_12)","decl":{"start":{"line":52,"column":12},"end":{"line":52,"column":37}},"loc":{"start":{"line":52,"column":52},"end":{"line":64,"column":5}}}},"branchMap":{"0":{"loc":{"start":{"line":18,"column":25},"end":{"line":18,"column":57}},"type":"default-arg","locations":[{"start":{"line":18,"column":53},"end":{"line":18,"column":57}}]},"1":{"loc":{"start":{"line":19,"column":25},"end":{"line":19,"column":56}},"type":"default-arg","locations":[{"start":{"line":19,"column":45},"end":{"line":19,"column":56}}]},"2":{"loc":{"start":{"line":20,"column":25},"end":{"line":20,"column":47}},"type":"default-arg","locations":[{"start":{"line":20,"column":44},"end":{"line":20,"column":47}}]},"3":{"loc":{"start":{"line":21,"column":8},"end":{"line":21,"column":56}},"type":"default-arg","locations":[{"start":{"line":21,"column":33},"end":{"line":21,"column":56}}]},"4":{"loc":{"start":{"line":41,"column":16},"end":{"line":45,"column":17}},"type":"if","locations":[{"start":{"line":41,"column":16},"end":{"line":45,"column":17}},{"start":{"line":43,"column":23},"end":{"line":45,"column":17}}]},"5":{"loc":{"start":{"line":53,"column":8},"end":{"line":55,"column":9}},"type":"if","locations":[{"start":{"line":53,"column":8},"end":{"line":55,"column":9}}]},"6":{"loc":{"start":{"line":56,"column":8},"end":{"line":58,"column":9}},"type":"if","locations":[{"start":{"line":56,"column":8},"end":{"line":58,"column":9}}]},"7":{"loc":{"start":{"line":56,"column":12},"end":{"line":56,"column":72}},"type":"binary-expr","locations":[{"start":{"line":56,"column":12},"end":{"line":56,"column":39}},{"start":{"line":56,"column":43},"end":{"line":56,"column":72}}]}},"s":{"0":7,"1":7,"2":7,"3":7,"4":5,"5":5,"6":5,"7":5,"8":0,"9":0,"10":0,"11":0,"12":0,"13":0,"14":0,"15":0,"16":0,"17":0,"18":0,"19":0,"20":0,"21":2},"f":{"0":7,"1":5,"2":5,"3":0,"4":0,"5":0},"b":{"0":[0],"1":[0],"2":[7],"3":[7],"4":[0,0],"5":[0],"6":[0],"7":[0,0]}}
,"C:\\Users\\Otzzu\\Documents\\test-xendit\\src\\infrastructure\\persistance\\memory\\account.repository.memory.ts": {"path":"C:\\Users\\Otzzu\\Documents\\test-xendit\\src\\infrastructure\\persistance\\memory\\account.repository.memory.ts","statementMap":{"0":{"start":{"line":4,"column":0},"end":{"line":4,"column":33}},"1":{"start":{"line":8,"column":25},"end":{"line":8,"column":51}},"2":{"start":{"line":9,"column":8},"end":{"line":9,"column":38}},"3":{"start":{"line":9,"column":22},"end":{"line":9,"column":38}},"4":{"start":{"line":11,"column":20},"end":{"line":11,"column":44}},"5":{"start":{"line":12,"column":33},"end":{"line":12,"column":78}},"6":{"start":{"line":13,"column":8},"end":{"line":13,"column":44}},"7":{"start":{"line":14,"column":8},"end":{"line":14,"column":23}},"8":{"start":{"line":18,"column":8},"end":{"line":18,"column":42}},"9":{"start":{"line":22,"column":20},"end":{"line":22,"column":53}},"10":{"start":{"line":23,"column":20},"end":{"line":23,"column":44}},"11":{"start":{"line":25,"column":21},"end":{"line":28,"column":null}},"12":{"start":{"line":31,"column":8},"end":{"line":31,"column":44}},"13":{"start":{"line":32,"column":8},"end":{"line":32,"column":23}},"14":{"start":{"line":6,"column":0},"end":{"line":6,"column":13}}},"fnMap":{"0":{"name":"(anonymous_7)","decl":{"start":{"line":7,"column":10},"end":{"line":7,"column":21}},"loc":{"start":{"line":7,"column":39},"end":{"line":15,"column":null}}},"1":{"name":"(anonymous_9)","decl":{"start":{"line":17,"column":10},"end":{"line":17,"column":13}},"loc":{"start":{"line":17,"column":31},"end":{"line":19,"column":null}}},"2":{"name":"(anonymous_11)","decl":{"start":{"line":21,"column":10},"end":{"line":21,"column":16}},"loc":{"start":{"line":21,"column":50},"end":{"line":33,"column":null}}}},"branchMap":{"0":{"loc":{"start":{"line":9,"column":8},"end":{"line":9,"column":38}},"type":"if","locations":[{"start":{"line":9,"column":8},"end":{"line":9,"column":38}}]}},"s":{"0":2,"1":10,"2":10,"3":3,"4":7,"5":7,"6":7,"7":7,"8":0,"9":1,"10":1,"11":1,"12":1,"13":1,"14":2},"f":{"0":10,"1":0,"2":1},"b":{"0":[3]}}
,"C:\\Users\\Otzzu\\Documents\\test-xendit\\src\\infrastructure\\persistance\\memory\\memory-db.ts": {"path":"C:\\Users\\Otzzu\\Documents\\test-xendit\\src\\infrastructure\\persistance\\memory\\memory-db.ts","statementMap":{"0":{"start":{"line":7,"column":11},"end":{"line":7,"column":44}},"1":{"start":{"line":8,"column":11},"end":{"line":8,"column":36}},"2":{"start":{"line":9,"column":11},"end":{"line":9,"column":54}},"3":{"start":{"line":14,"column":8},"end":{"line":16,"column":9}},"4":{"start":{"line":15,"column":12},"end":{"line":15,"column":47}},"5":{"start":{"line":17,"column":8},"end":{"line":17,"column":33}},"6":{"start":{"line":21,"column":8},"end":{"line":21,"column":31}},"7":{"start":{"line":22,"column":8},"end":{"line":22,"column":38}},"8":{"start":{"line":23,"column":8},"end":{"line":23,"column":30}},"9":{"start":{"line":24,"column":8},"end":{"line":24,"column":44}},"10":{"start":{"line":28,"column":13},"end":{"line":28,"column":41}}},"fnMap":{"0":{"name":"(anonymous_0)","decl":{"start":{"line":11,"column":4},"end":{"line":11,"column":28}},"loc":{"start":{"line":11,"column":4},"end":{"line":11,"column":29}}},"1":{"name":"(anonymous_1)","decl":{"start":{"line":13,"column":11},"end":{"line":13,"column":17}},"loc":{"start":{"line":13,"column":29},"end":{"line":18,"column":5}}},"2":{"name":"(anonymous_2)","decl":{"start":{"line":20,"column":11},"end":{"line":20,"column":16}},"loc":{"start":{"line":20,"column":16},"end":{"line":25,"column":5}}}},"branchMap":{"0":{"loc":{"start":{"line":14,"column":8},"end":{"line":16,"column":9}},"type":"if","locations":[{"start":{"line":14,"column":8},"end":{"line":16,"column":9}}]}},"s":{"0":2,"1":2,"2":2,"3":2,"4":2,"5":2,"6":9,"7":9,"8":9,"9":9,"10":2},"f":{"0":2,"1":2,"2":9},"b":{"0":[2]}}
,"C:\\Users\\Otzzu\\Documents\\test-xendit\\src\\infrastructure\\persistance\\memory\\transaction.repository.memory.ts": {"path":"C:\\Users\\Otzzu\\Documents\\test-xendit\\src\\infrastructure\\persistance\\memory\\transaction.repository.memory.ts","statementMap":{"0":{"start":{"line":4,"column":0},"end":{"line":4,"column":33}},"1":{"start":{"line":8,"column":17},"end":{"line":8,"column":76}},"2":{"start":{"line":9,"column":4},"end":{"line":9,"column":34}},"3":{"start":{"line":10,"column":4},"end":{"line":10,"column":19}},"4":{"start":{"line":14,"column":4},"end":{"line":14,"column":52}},"5":{"start":{"line":14,"column":39},"end":{"line":14,"column":50}},"6":{"start":{"line":18,"column":4},"end":{"line":18,"column":60}},"7":{"start":{"line":18,"column":39},"end":{"line":18,"column":58}},"8":{"start":{"line":22,"column":16},"end":{"line":22,"column":69}},"9":{"start":{"line":22,"column":49},"end":{"line":22,"column":68}},"10":{"start":{"line":23,"column":4},"end":{"line":23,"column":51}},"11":{"start":{"line":23,"column":20},"end":{"line":23,"column":51}},"12":{"start":{"line":27,"column":4},"end":{"line":27,"column":15}},"13":{"start":{"line":6,"column":0},"end":{"line":6,"column":13}}},"fnMap":{"0":{"name":"(anonymous_7)","decl":{"start":{"line":7,"column":8},"end":{"line":7,"column":12}},"loc":{"start":{"line":7,"column":43},"end":{"line":11,"column":null}}},"1":{"name":"(anonymous_9)","decl":{"start":{"line":13,"column":8},"end":{"line":13,"column":16}},"loc":{"start":{"line":13,"column":27},"end":{"line":15,"column":null}}},"2":{"name":"(anonymous_11)","decl":{"start":{"line":14,"column":32},"end":{"line":14,"column":33}},"loc":{"start":{"line":14,"column":39},"end":{"line":14,"column":50}}},"3":{"name":"(anonymous_12)","decl":{"start":{"line":17,"column":8},"end":{"line":17,"column":20}},"loc":{"start":{"line":17,"column":35},"end":{"line":19,"column":null}}},"4":{"name":"(anonymous_14)","decl":{"start":{"line":18,"column":32},"end":{"line":18,"column":33}},"loc":{"start":{"line":18,"column":39},"end":{"line":18,"column":58}}},"5":{"name":"(anonymous_15)","decl":{"start":{"line":21,"column":8},"end":{"line":21,"column":14}},"loc":{"start":{"line":21,"column":35},"end":{"line":24,"column":null}}},"6":{"name":"(anonymous_17)","decl":{"start":{"line":22,"column":42},"end":{"line":22,"column":43}},"loc":{"start":{"line":22,"column":49},"end":{"line":22,"column":68}}},"7":{"name":"(anonymous_18)","decl":{"start":{"line":26,"column":2},"end":{"line":26,"column":7}},"loc":{"start":{"line":26,"column":7},"end":{"line":28,"column":3}}}},"branchMap":{"0":{"loc":{"start":{"line":23,"column":4},"end":{"line":23,"column":51}},"type":"if","locations":[{"start":{"line":23,"column":4},"end":{"line":23,"column":51}}]}},"s":{"0":1,"1":5,"2":5,"3":5,"4":3,"5":2,"6":5,"7":4,"8":3,"9":3,"10":3,"11":3,"12":0,"13":1},"f":{"0":5,"1":3,"2":2,"3":5,"4":4,"5":3,"6":3,"7":0},"b":{"0":[3]}}
,"C:\\Users\\Otzzu\\Documents\\test-xendit\\src\\infrastructure\\persistance\\postgres\\account.repository.postgres.ts": {"path":"C:\\Users\\Otzzu\\Documents\\test-xendit\\src\\infrastructure\\persistance\\postgres\\account.repository.postgres.ts","statementMap":{"0":{"start":{"line":6,"column":2},"end":{"line":10,"column":4}},"1":{"start":{"line":14,"column":31},"end":{"line":14,"column":47}},"2":{"start":{"line":17,"column":16},"end":{"line":21,"column":6}},"3":{"start":{"line":22,"column":4},"end":{"line":22,"column":26}},"4":{"start":{"line":27,"column":4},"end":{"line":31,"column":7}},"5":{"start":{"line":33,"column":16},"end":{"line":36,"column":6}},"6":{"start":{"line":38,"column":4},"end":{"line":38,"column":26}},"7":{"start":{"line":13,"column":0},"end":{"line":13,"column":13}}},"fnMap":{"0":{"name":"toAccount","decl":{"start":{"line":5,"column":9},"end":{"line":5,"column":18}},"loc":{"start":{"line":5,"column":27},"end":{"line":11,"column":1}}},"1":{"name":"(anonymous_8)","decl":{"start":{"line":14,"column":2},"end":{"line":14,"column":31}},"loc":{"start":{"line":14,"column":47},"end":{"line":14,"column":52}}},"2":{"name":"(anonymous_9)","decl":{"start":{"line":16,"column":8},"end":{"line":16,"column":19}},"loc":{"start":{"line":16,"column":37},"end":{"line":23,"column":null}}},"3":{"name":"(anonymous_11)","decl":{"start":{"line":25,"column":8},"end":{"line":25,"column":14}},"loc":{"start":{"line":25,"column":48},"end":{"line":39,"column":null}}}},"branchMap":{},"s":{"0":0,"1":0,"2":0,"3":0,"4":0,"5":0,"6":0,"7":1},"f":{"0":0,"1":0,"2":0,"3":0},"b":{}}
,"C:\\Users\\Otzzu\\Documents\\test-xendit\\src\\infrastructure\\persistance\\postgres\\prisma.ts": {"path":"C:\\Users\\Otzzu\\Documents\\test-xendit\\src\\infrastructure\\persistance\\postgres\\prisma.ts","statementMap":{"0":{"start":{"line":1,"column":0},"end":{"line":1,"column":25}},"1":{"start":{"line":2,"column":0},"end":{"line":2,"column":45}},"2":{"start":{"line":3,"column":0},"end":{"line":3,"column":63}},"3":{"start":{"line":5,"column":13},"end":{"line":5,"column":null}},"4":{"start":{"line":6,"column":16},"end":{"line":6,"column":34}},"5":{"start":{"line":7,"column":13},"end":{"line":7,"column":null}}},"fnMap":{},"branchMap":{},"s":{"0":1,"1":1,"2":1,"3":1,"4":1,"5":1},"f":{},"b":{}}
,"C:\\Users\\Otzzu\\Documents\\test-xendit\\src\\infrastructure\\persistance\\postgres\\transaction.repository.postgres.ts": {"path":"C:\\Users\\Otzzu\\Documents\\test-xendit\\src\\infrastructure\\persistance\\postgres\\transaction.repository.postgres.ts","statementMap":{"0":{"start":{"line":6,"column":2},"end":{"line":16,"column":4}},"1":{"start":{"line":20,"column":31},"end":{"line":20,"column":47}},"2":{"start":{"line":23,"column":16},"end":{"line":31,"column":6}},"3":{"start":{"line":32,"column":4},"end":{"line":32,"column":21}},"4":{"start":{"line":36,"column":16},"end":{"line":36,"column":71}},"5":{"start":{"line":37,"column":4},"end":{"line":37,"column":39}},"6":{"start":{"line":41,"column":16},"end":{"line":41,"column":74}},"7":{"start":{"line":42,"column":4},"end":{"line":42,"column":39}},"8":{"start":{"line":46,"column":4},"end":{"line":54,"column":7}},"9":{"start":{"line":19,"column":0},"end":{"line":19,"column":13}}},"fnMap":{"0":{"name":"toTx","decl":{"start":{"line":5,"column":9},"end":{"line":5,"column":13}},"loc":{"start":{"line":5,"column":22},"end":{"line":17,"column":1}}},"1":{"name":"(anonymous_8)","decl":{"start":{"line":20,"column":2},"end":{"line":20,"column":31}},"loc":{"start":{"line":20,"column":47},"end":{"line":20,"column":52}}},"2":{"name":"(anonymous_9)","decl":{"start":{"line":22,"column":8},"end":{"line":22,"column":12}},"loc":{"start":{"line":22,"column":43},"end":{"line":33,"column":null}}},"3":{"name":"(anonymous_11)","decl":{"start":{"line":35,"column":8},"end":{"line":35,"column":16}},"loc":{"start":{"line":35,"column":27},"end":{"line":38,"column":null}}},"4":{"name":"(anonymous_13)","decl":{"start":{"line":40,"column":8},"end":{"line":40,"column":20}},"loc":{"start":{"line":40,"column":35},"end":{"line":43,"column":null}}},"5":{"name":"(anonymous_15)","decl":{"start":{"line":45,"column":8},"end":{"line":45,"column":14}},"loc":{"start":{"line":45,"column":35},"end":{"line":55,"column":null}}}},"branchMap":{"0":{"loc":{"start":{"line":11,"column":12},"end":{"line":11,"column":35}},"type":"cond-expr","locations":[{"start":{"line":11,"column":22},"end":{"line":11,"column":26}},{"start":{"line":11,"column":26},"end":{"line":11,"column":35}}]},"1":{"loc":{"start":{"line":11,"column":12},"end":{"line":11,"column":26}},"type":"binary-expr","locations":[{"start":{"line":11,"column":12},"end":{"line":11,"column":26}},{"start":{"line":11,"column":22},"end":{"line":11,"column":26}}]},"2":{"loc":{"start":{"line":12,"column":18},"end":{"line":12,"column":47}},"type":"cond-expr","locations":[{"start":{"line":12,"column":34},"end":{"line":12,"column":38}},{"start":{"line":12,"column":38},"end":{"line":12,"column":47}}]},"3":{"loc":{"start":{"line":12,"column":18},"end":{"line":12,"column":38}},"type":"binary-expr","locations":[{"start":{"line":12,"column":18},"end":{"line":12,"column":38}},{"start":{"line":12,"column":34},"end":{"line":12,"column":38}}]},"4":{"loc":{"start":{"line":13,"column":19},"end":{"line":13,"column":49}},"type":"cond-expr","locations":[{"start":{"line":13,"column":36},"end":{"line":13,"column":40}},{"start":{"line":13,"column":40},"end":{"line":13,"column":49}}]},"5":{"loc":{"start":{"line":13,"column":19},"end":{"line":13,"column":40}},"type":"binary-expr","locations":[{"start":{"line":13,"column":19},"end":{"line":13,"column":40}},{"start":{"line":13,"column":36},"end":{"line":13,"column":40}}]},"6":{"loc":{"start":{"line":28,"column":16},"end":{"line":28,"column":36}},"type":"cond-expr","locations":[{"start":{"line":28,"column":28},"end":{"line":28,"column":32}},{"start":{"line":28,"column":32},"end":{"line":28,"column":36}}]},"7":{"loc":{"start":{"line":28,"column":16},"end":{"line":28,"column":32}},"type":"binary-expr","locations":[{"start":{"line":28,"column":16},"end":{"line":28,"column":32}},{"start":{"line":28,"column":28},"end":{"line":28,"column":32}}]},"8":{"loc":{"start":{"line":29,"column":22},"end":{"line":29,"column":48}},"type":"cond-expr","locations":[{"start":{"line":29,"column":40},"end":{"line":29,"column":44}},{"start":{"line":29,"column":44},"end":{"line":29,"column":48}}]},"9":{"loc":{"start":{"line":29,"column":22},"end":{"line":29,"column":44}},"type":"binary-expr","locations":[{"start":{"line":29,"column":22},"end":{"line":29,"column":44}},{"start":{"line":29,"column":40},"end":{"line":29,"column":44}}]},"10":{"loc":{"start":{"line":37,"column":11},"end":{"line":37,"column":38}},"type":"cond-expr","locations":[{"start":{"line":37,"column":17},"end":{"line":37,"column":26}},{"start":{"line":37,"column":29},"end":{"line":37,"column":38}}]},"11":{"loc":{"start":{"line":42,"column":11},"end":{"line":42,"column":38}},"type":"cond-expr","locations":[{"start":{"line":42,"column":17},"end":{"line":42,"column":26}},{"start":{"line":42,"column":29},"end":{"line":42,"column":38}}]},"12":{"loc":{"start":{"line":50,"column":16},"end":{"line":50,"column":38}},"type":"cond-expr","locations":[{"start":{"line":50,"column":30},"end":{"line":50,"column":34}},{"start":{"line":50,"column":34},"end":{"line":50,"column":38}}]},"13":{"loc":{"start":{"line":50,"column":16},"end":{"line":50,"column":34}},"type":"binary-expr","locations":[{"start":{"line":50,"column":16},"end":{"line":50,"column":34}},{"start":{"line":50,"column":30},"end":{"line":50,"column":34}}]},"14":{"loc":{"start":{"line":51,"column":22},"end":{"line":51,"column":50}},"type":"cond-expr","locations":[{"start":{"line":51,"column":42},"end":{"line":51,"column":46}},{"start":{"line":51,"column":46},"end":{"line":51,"column":50}}]},"15":{"loc":{"start":{"line":51,"column":22},"end":{"line":51,"column":46}},"type":"binary-expr","locations":[{"start":{"line":51,"column":22},"end":{"line":51,"column":46}},{"start":{"line":51,"column":42},"end":{"line":51,"column":46}}]},"16":{"loc":{"start":{"line":52,"column":23},"end":{"line":52,"column":52}},"type":"cond-expr","locations":[{"start":{"line":52,"column":44},"end":{"line":52,"column":48}},{"start":{"line":52,"column":48},"end":{"line":52,"column":52}}]},"17":{"loc":{"start":{"line":52,"column":23},"end":{"line":52,"column":48}},"type":"binary-expr","locations":[{"start":{"line":52,"column":23},"end":{"line":52,"column":48}},{"start":{"line":52,"column":44},"end":{"line":52,"column":48}}]}},"s":{"0":0,"1":0,"2":0,"3":0,"4":0,"5":0,"6":0,"7":0,"8":0,"9":1},"f":{"0":0,"1":0,"2":0,"3":0,"4":0,"5":0},"b":{"0":[0,0],"1":[0,0],"2":[0,0],"3":[0,0],"4":[0,0],"5":[0,0],"6":[0,0],"7":[0,0],"8":[0,0],"9":[0,0],"10":[0,0],"11":[0,0],"12":[0,0],"13":[0,0],"14":[0,0],"15":[0,0],"16":[0,0],"17":[0,0]}}
,"C:\\Users\\Otzzu\\Documents\\test-xendit\\src\\interface\\http\\payment\\payment.dto.ts": {"path":"C:\\Users\\Otzzu\\Documents\\test-xendit\\src\\interface\\http\\payment\\payment.dto.ts","statementMap":{"0":{"start":{"line":16,"column":0},"end":{"line":16,"column":16}},"1":{"start":{"line":1,"column":0},"end":{"line":1,"column":62}},"2":{"start":{"line":17,"column":2},"end":{"line":21,"column":3}},"3":{"start":{"line":18,"column":4},"end":{"line":20,"column":7}},"4":{"start":{"line":23,"column":67},"end":{"line":23,"column":98}},"5":{"start":{"line":25,"column":20},"end":{"line":25,"column":40}},"6":{"start":{"line":26,"column":17},"end":{"line":26,"column":34}},"7":{"start":{"line":28,"column":42},"end":{"line":28,"column":44}},"8":{"start":{"line":30,"column":2},"end":{"line":32,"column":3}},"9":{"start":{"line":31,"column":4},"end":{"line":31,"column":55}},"10":{"start":{"line":34,"column":2},"end":{"line":36,"column":3}},"11":{"start":{"line":35,"column":4},"end":{"line":35,"column":52}},"12":{"start":{"line":38,"column":2},"end":{"line":54,"column":3}},"13":{"start":{"line":39,"column":4},"end":{"line":39,"column":40}},"14":{"start":{"line":41,"column":17},"end":{"line":41,"column":52}},"15":{"start":{"line":42,"column":4},"end":{"line":44,"column":5}},"16":{"start":{"line":43,"column":6},"end":{"line":43,"column":53}},"17":{"start":{"line":45,"column":4},"end":{"line":47,"column":5}},"18":{"start":{"line":46,"column":6},"end":{"line":46,"column":54}},"19":{"start":{"line":48,"column":4},"end":{"line":50,"column":5}},"20":{"start":{"line":49,"column":6},"end":{"line":49,"column":53}},"21":{"start":{"line":51,"column":4},"end":{"line":53,"column":5}},"22":{"start":{"line":52,"column":6},"end":{"line":52,"column":46}},"23":{"start":{"line":56,"column":2},"end":{"line":58,"column":3}},"24":{"start":{"line":57,"column":4},"end":{"line":57,"column":85}},"25":{"start":{"line":60,"column":2},"end":{"line":64,"column":4}}},"fnMap":{"0":{"name":"validateCreatePaymentRequest","decl":{"start":{"line":16,"column":16},"end":{"line":16,"column":44}},"loc":{"start":{"line":16,"column":58},"end":{"line":65,"column":1}}}},"branchMap":{"0":{"loc":{"start":{"line":17,"column":2},"end":{"line":21,"column":3}},"type":"if","locations":[{"start":{"line":17,"column":2},"end":{"line":21,"column":3}}]},"1":{"loc":{"start":{"line":17,"column":6},"end":{"line":17,"column":47}},"type":"binary-expr","locations":[{"start":{"line":17,"column":6},"end":{"line":17,"column":30}},{"start":{"line":17,"column":34},"end":{"line":17,"column":47}}]},"2":{"loc":{"start":{"line":30,"column":2},"end":{"line":32,"column":3}},"type":"if","locations":[{"start":{"line":30,"column":2},"end":{"line":32,"column":3}}]},"3":{"loc":{"start":{"line":30,"column":6},"end":{"line":30,"column":51}},"type":"binary-expr","locations":[{"start":{"line":30,"column":6},"end":{"line":30,"column":33}},{"start":{"line":30,"column":37},"end":{"line":30,"column":51}}]},"4":{"loc":{"start":{"line":34,"column":2},"end":{"line":36,"column":3}},"type":"if","locations":[{"start":{"line":34,"column":2},"end":{"line":36,"column":3}}]},"5":{"loc":{"start":{"line":34,"column":6},"end":{"line":34,"column":45}},"type":"binary-expr","locations":[{"start":{"line":34,"column":6},"end":{"line":34,"column":30}},{"start":{"line":34,"column":34},"end":{"line":34,"column":45}}]},"6":{"loc":{"start":{"line":38,"column":2},"end":{"line":54,"column":3}},"type":"if","locations":[{"start":{"line":38,"column":2},"end":{"line":54,"column":3}},{"start":{"line":40,"column":9},"end":{"line":54,"column":3}}]},"7":{"loc":{"start":{"line":38,"column":6},"end":{"line":38,"column":47}},"type":"binary-expr","locations":[{"start":{"line":38,"column":6},"end":{"line":38,"column":15}},{"start":{"line":38,"column":19},"end":{"line":38,"column":47}}]},"8":{"loc":{"start":{"line":42,"column":4},"end":{"line":44,"column":5}},"type":"if","locations":[{"start":{"line":42,"column":4},"end":{"line":44,"column":5}}]},"9":{"loc":{"start":{"line":42,"column":8},"end":{"line":42,"column":63}},"type":"binary-expr","locations":[{"start":{"line":42,"column":8},"end":{"line":42,"column":24}},{"start":{"line":42,"column":28},"end":{"line":42,"column":63}}]},"10":{"loc":{"start":{"line":45,"column":4},"end":{"line":47,"column":5}},"type":"if","locations":[{"start":{"line":45,"column":4},"end":{"line":47,"column":5}}]},"11":{"loc":{"start":{"line":45,"column":8},"end":{"line":45,"column":65}},"type":"binary-expr","locations":[{"start":{"line":45,"column":8},"end":{"line":45,"column":25}},{"start":{"line":45,"column":29},"end":{"line":45,"column":65}}]},"12":{"loc":{"start":{"line":48,"column":4},"end":{"line":50,"column":5}},"type":"if","locations":[{"start":{"line":48,"column":4},"end":{"line":50,"column":5}}]},"13":{"loc":{"start":{"line":48,"column":8},"end":{"line":48,"column":63}},"type":"binary-expr","locations":[{"start":{"line":48,"column":8},"end":{"line":48,"column":24}},{"start":{"line":48,"column":28},"end":{"line":48,"column":63}}]},"14":{"loc":{"start":{"line":51,"column":4},"end":{"line":53,"column":5}},"type":"if","locations":[{"start":{"line":51,"column":4},"end":{"line":53,"column":5}}]},"15":{"loc":{"start":{"line":51,"column":8},"end":{"line":51,"column":49}},"type":"binary-expr","locations":[{"start":{"line":51,"column":8},"end":{"line":51,"column":17}},{"start":{"line":51,"column":21},"end":{"line":51,"column":49}}]},"16":{"loc":{"start":{"line":56,"column":2},"end":{"line":58,"column":3}},"type":"if","locations":[{"start":{"line":56,"column":2},"end":{"line":58,"column":3}}]}},"s":{"0":1,"1":1,"2":6,"3":0,"4":6,"5":6,"6":6,"7":6,"8":6,"9":1,"10":6,"11":1,"12":6,"13":1,"14":5,"15":5,"16":0,"17":5,"18":1,"19":5,"20":1,"21":5,"22":1,"23":6,"24":4,"25":2},"f":{"0":6},"b":{"0":[0],"1":[6,6],"2":[1],"3":[6,6],"4":[1],"5":[6,6],"6":[1,5],"7":[6,5],"8":[0],"9":[5,5],"10":[1],"11":[5,4],"12":[1],"13":[5,4],"14":[1],"15":[5,4],"16":[4]}}
,"C:\\Users\\Otzzu\\Documents\\test-xendit\\src\\modules\\account\\account.service.ts": {"path":"C:\\Users\\Otzzu\\Documents\\test-xendit\\src\\modules\\account\\account.service.ts","statementMap":{"0":{"start":{"line":5,"column":33},"end":{"line":5,"column":56}},"1":{"start":{"line":8,"column":8},"end":{"line":8,"column":51}},"2":{"start":{"line":12,"column":8},"end":{"line":12,"column":54}},"3":{"start":{"line":4,"column":0},"end":{"line":4,"column":13}}},"fnMap":{"0":{"name":"(anonymous_7)","decl":{"start":{"line":5,"column":4},"end":{"line":5,"column":33}},"loc":{"start":{"line":5,"column":56},"end":{"line":5,"column":61}}},"1":{"name":"(anonymous_8)","decl":{"start":{"line":7,"column":10},"end":{"line":7,"column":16}},"loc":{"start":{"line":7,"column":50},"end":{"line":9,"column":null}}},"2":{"name":"(anonymous_10)","decl":{"start":{"line":11,"column":10},"end":{"line":11,"column":20}},"loc":{"start":{"line":11,"column":38},"end":{"line":13,"column":null}}}},"branchMap":{},"s":{"0":9,"1":1,"2":9,"3":3},"f":{"0":9,"1":1,"2":9},"b":{}}
,"C:\\Users\\Otzzu\\Documents\\test-xendit\\src\\modules\\transaction\\transaction.service.ts": {"path":"C:\\Users\\Otzzu\\Documents\\test-xendit\\src\\modules\\transaction\\transaction.service.ts","statementMap":{"0":{"start":{"line":1,"column":0},"end":{"line":1,"column":59}},"1":{"start":{"line":6,"column":0},"end":{"line":6,"column":64}},"2":{"start":{"line":10,"column":21},"end":{"line":10,"column":48}},"3":{"start":{"line":11,"column":21},"end":{"line":11,"column":50}},"4":{"start":{"line":12,"column":21},"end":{"line":12,"column":51}},"5":{"start":{"line":16,"column":4},"end":{"line":16,"column":52}},"6":{"start":{"line":17,"column":23},"end":{"line":17,"column":64}},"7":{"start":{"line":19,"column":16},"end":{"line":19,"column":40}},"8":{"start":{"line":20,"column":4},"end":{"line":27,"column":7}},"9":{"start":{"line":31,"column":15},"end":{"line":31,"column":59}},"10":{"start":{"line":32,"column":4},"end":{"line":35,"column":5}},"11":{"start":{"line":33,"column":6},"end":{"line":33,"column":85}},"12":{"start":{"line":34,"column":6},"end":{"line":34,"column":13}},"13":{"start":{"line":38,"column":4},"end":{"line":41,"column":5}},"14":{"start":{"line":39,"column":6},"end":{"line":39,"column":83}},"15":{"start":{"line":40,"column":6},"end":{"line":40,"column":13}},"16":{"start":{"line":43,"column":16},"end":{"line":43,"column":40}},"17":{"start":{"line":45,"column":4},"end":{"line":58,"column":5}},"18":{"start":{"line":46,"column":6},"end":{"line":46,"column":28}},"19":{"start":{"line":47,"column":6},"end":{"line":47,"column":45}},"20":{"start":{"line":48,"column":6},"end":{"line":48,"column":25}},"21":{"start":{"line":49,"column":6},"end":{"line":49,"column":33}},"22":{"start":{"line":50,"column":6},"end":{"line":50,"column":56}},"23":{"start":{"line":51,"column":6},"end":{"line":51,"column":83}},"24":{"start":{"line":53,"column":6},"end":{"line":53,"column":27}},"25":{"start":{"line":54,"column":6},"end":{"line":54,"column":70}},"26":{"start":{"line":55,"column":6},"end":{"line":55,"column":25}},"27":{"start":{"line":56,"column":6},"end":{"line":56,"column":33}},"28":{"start":{"line":57,"column":6},"end":{"line":57,"column":80}},"29":{"start":{"line":62,"column":15},"end":{"line":62,"column":43}},"30":{"start":{"line":63,"column":4},"end":{"line":63,"column":76}},"31":{"start":{"line":63,"column":13},"end":{"line":63,"column":76}},"32":{"start":{"line":64,"column":4},"end":{"line":64,"column":14}},"33":{"start":{"line":8,"column":0},"end":{"line":8,"column":13}}},"fnMap":{"0":{"name":"(anonymous_7)","decl":{"start":{"line":9,"column":2},"end":{"line":9,"column":null}},"loc":{"start":{"line":12,"column":51},"end":{"line":13,"column":7}}},"1":{"name":"(anonymous_8)","decl":{"start":{"line":15,"column":8},"end":{"line":15,"column":28}},"loc":{"start":{"line":15,"column":62},"end":{"line":28,"column":null}}},"2":{"name":"(anonymous_10)","decl":{"start":{"line":30,"column":8},"end":{"line":30,"column":31}},"loc":{"start":{"line":30,"column":55},"end":{"line":59,"column":null}}},"3":{"name":"(anonymous_12)","decl":{"start":{"line":61,"column":8},"end":{"line":61,"column":22}},"loc":{"start":{"line":61,"column":33},"end":{"line":65,"column":null}}}},"branchMap":{"0":{"loc":{"start":{"line":32,"column":4},"end":{"line":35,"column":5}},"type":"if","locations":[{"start":{"line":32,"column":4},"end":{"line":35,"column":5}}]},"1":{"loc":{"start":{"line":38,"column":4},"end":{"line":41,"column":5}},"type":"if","locations":[{"start":{"line":38,"column":4},"end":{"line":41,"column":5}}]},"2":{"loc":{"start":{"line":38,"column":8},"end":{"line":38,"column":57}},"type":"binary-expr","locations":[{"start":{"line":38,"column":8},"end":{"line":38,"column":31}},{"start":{"line":38,"column":35},"end":{"line":38,"column":57}}]},"3":{"loc":{"start":{"line":45,"column":4},"end":{"line":58,"column":5}},"type":"if","locations":[{"start":{"line":45,"column":4},"end":{"line":58,"column":5}},{"start":{"line":52,"column":11},"end":{"line":58,"column":5}}]},"4":{"loc":{"start":{"line":54,"column":25},"end":{"line":54,"column":69}},"type":"binary-expr","locations":[{"start":{"line":54,"column":25},"end":{"line":54,"column":46}},{"start":{"line":54,"column":50},"end":{"line":54,"column":69}}]},"5":{"loc":{"start":{"line":63,"column":4},"end":{"line":63,"column":76}},"type":"if","locations":[{"start":{"line":63,"column":4},"end":{"line":63,"column":76}}]}},"s":{"0":2,"1":2,"2":7,"3":7,"4":7,"5":5,"6":5,"7":5,"8":5,"9":5,"10":5,"11":1,"12":1,"13":4,"14":1,"15":1,"16":3,"17":3,"18":2,"19":2,"20":2,"21":2,"22":2,"23":2,"24":1,"25":1,"26":1,"27":1,"28":1,"29":3,"30":3,"31":1,"32":2,"33":2},"f":{"0":7,"1":5,"2":5,"3":3},"b":{"0":[1],"1":[1],"2":[4,3],"3":[2,1],"4":[1,0],"5":[1]}}
,"C:\\Users\\Otzzu\\Documents\\test-xendit\\src\\shared\\errors\\http-error.ts": {"path":"C:\\Users\\Otzzu\\Documents\\test-xendit\\src\\shared\\errors\\http-error.ts","statementMap":{"0":{"start":{"line":8,"column":4},"end":{"line":8,"column":19}},"1":{"start":{"line":3,"column":20},"end":{"line":3,"column":38}},"2":{"start":{"line":4,"column":20},"end":{"line":4,"column":32}},"3":{"start":{"line":6,"column":20},"end":{"line":6,"column":52}},"4":{"start":{"line":1,"column":0},"end":{"line":1,"column":13}}},"fnMap":{"0":{"name":"(anonymous_0)","decl":{"start":{"line":2,"column":2},"end":{"line":2,"column":null}},"loc":{"start":{"line":6,"column":52},"end":{"line":9,"column":3}}}},"branchMap":{},"s":{"0":5,"1":5,"2":5,"3":5,"4":3},"f":{"0":5},"b":{}}
}
