TN:
SF:src\generated\prisma\client.ts
FNF:0
FNH:0
DA:18,1
DA:19,1
DA:21,1
DA:22,1
DA:36,1
DA:38,1
LF:6
LH:6
BRF:0
BRH:0
end_of_record
TN:
SF:src\generated\prisma\internal\class.ts
FN:33,decodeBase64AsWasm
FN:34,(anonymous_18)
FN:40,(anonymous_19)
FN:40,(anonymous_20)
FN:40,(anonymous_21)
FN:42,(anonymous_22)
FN:42,(anonymous_23)
FN:43,(anonymous_24)
FN:198,getPrismaClientClass
FNF:9
FNH:1
FNDA:0,decodeBase64AsWasm
FNDA:0,(anonymous_18)
FNDA:0,(anonymous_19)
FNDA:0,(anonymous_20)
FNDA:0,(anonymous_21)
FNDA:0,(anonymous_22)
FNDA:0,(anonymous_23)
FNDA:0,(anonymous_24)
FNDA:1,getPrismaClientClass
DA:14,1
DA:18,1
DA:31,1
DA:34,0
DA:35,0
DA:36,0
DA:39,1
DA:40,0
DA:42,0
DA:43,0
DA:44,0
DA:198,1
DA:199,1
LF:13
LH:6
BRF:0
BRH:0
end_of_record
TN:
SF:src\generated\prisma\internal\prismaNamespace.ts
FNF:0
FNH:0
DA:18,1
DA:32,1
DA:35,1
DA:38,1
DA:41,1
DA:44,1
DA:50,1
DA:51,1
DA:52,1
DA:53,1
DA:54,1
DA:62,1
DA:71,1
DA:86,1
DA:104,1
DA:114,1
DA:121,1
DA:128,1
DA:386,1
DA:585,1
DA:595,1
DA:605,1
DA:620,1
DA:628,1
DA:636,1
DA:712,1
LF:26
LH:26
BRF:0
BRH:0
end_of_record
TN:
SF:src\infrastructure\gateways\cybersource.simulator.ts
FN:17,(anonymous_7)
FN:26,(anonymous_8)
FN:32,(anonymous_9)
FN:33,(anonymous_10)
FN:33,(anonymous_11)
FN:52,(anonymous_12)
FNF:6
FNH:3
FNDA:7,(anonymous_7)
FNDA:5,(anonymous_8)
FNDA:5,(anonymous_9)
FNDA:0,(anonymous_10)
FNDA:0,(anonymous_11)
FNDA:0,(anonymous_12)
DA:14,2
DA:18,7
DA:19,7
DA:20,7
DA:23,7
DA:27,5
DA:28,5
DA:29,5
DA:33,5
DA:34,0
DA:35,0
DA:36,0
DA:41,0
DA:42,0
DA:44,0
DA:47,0
DA:53,0
DA:54,0
DA:56,0
DA:57,0
DA:59,0
LF:21
LH:9
BRDA:18,0,0,0
BRDA:19,1,0,0
BRDA:20,2,0,7
BRDA:21,3,0,7
BRDA:41,4,0,0
BRDA:41,4,1,0
BRDA:53,5,0,0
BRDA:56,6,0,0
BRDA:56,7,0,0
BRDA:56,7,1,0
BRF:10
BRH:2
end_of_record
TN:
SF:src\infrastructure\persistance\memory\account.repository.memory.ts
FN:7,(anonymous_7)
FN:17,(anonymous_9)
FN:21,(anonymous_11)
FNF:3
FNH:2
FNDA:10,(anonymous_7)
FNDA:0,(anonymous_9)
FNDA:1,(anonymous_11)
DA:4,2
DA:6,2
DA:8,10
DA:9,10
DA:11,7
DA:12,7
DA:13,7
DA:14,7
DA:18,0
DA:22,1
DA:23,1
DA:25,1
DA:31,1
DA:32,1
LF:14
LH:13
BRDA:9,0,0,3
BRF:1
BRH:1
end_of_record
TN:
SF:src\infrastructure\persistance\memory\memory-db.ts
FN:11,(anonymous_0)
FN:13,(anonymous_1)
FN:20,(anonymous_2)
FNF:3
FNH:3
FNDA:2,(anonymous_0)
FNDA:2,(anonymous_1)
FNDA:9,(anonymous_2)
DA:7,2
DA:8,2
DA:9,2
DA:14,2
DA:15,2
DA:17,2
DA:21,9
DA:22,9
DA:23,9
DA:24,9
DA:28,2
LF:11
LH:11
BRDA:14,0,0,2
BRF:1
BRH:1
end_of_record
TN:
SF:src\infrastructure\persistance\memory\transaction.repository.memory.ts
FN:7,(anonymous_7)
FN:13,(anonymous_9)
FN:14,(anonymous_11)
FN:17,(anonymous_12)
FN:18,(anonymous_14)
FN:21,(anonymous_15)
FN:22,(anonymous_17)
FN:26,(anonymous_18)
FNF:8
FNH:7
FNDA:5,(anonymous_7)
FNDA:3,(anonymous_9)
FNDA:2,(anonymous_11)
FNDA:5,(anonymous_12)
FNDA:4,(anonymous_14)
FNDA:3,(anonymous_15)
FNDA:3,(anonymous_17)
FNDA:0,(anonymous_18)
DA:4,1
DA:6,1
DA:8,5
DA:9,5
DA:10,5
DA:14,3
DA:18,5
DA:22,3
DA:23,3
DA:27,0
LF:10
LH:9
BRDA:23,0,0,3
BRF:1
BRH:1
end_of_record
TN:
SF:src\infrastructure\persistance\postgres\account.repository.postgres.ts
FN:5,toAccount
FN:14,(anonymous_8)
FN:16,(anonymous_9)
FN:25,(anonymous_11)
FNF:4
FNH:0
FNDA:0,toAccount
FNDA:0,(anonymous_8)
FNDA:0,(anonymous_9)
FNDA:0,(anonymous_11)
DA:6,0
DA:13,1
DA:14,0
DA:17,0
DA:22,0
DA:27,0
DA:33,0
DA:38,0
LF:8
LH:1
BRF:0
BRH:0
end_of_record
TN:
SF:src\infrastructure\persistance\postgres\prisma.ts
FNF:0
FNH:0
DA:1,1
DA:2,1
DA:3,1
DA:5,1
DA:6,1
DA:7,1
LF:6
LH:6
BRF:0
BRH:0
end_of_record
TN:
SF:src\infrastructure\persistance\postgres\transaction.repository.postgres.ts
FN:5,toTx
FN:20,(anonymous_8)
FN:22,(anonymous_9)
FN:35,(anonymous_11)
FN:40,(anonymous_13)
FN:45,(anonymous_15)
FNF:6
FNH:0
FNDA:0,toTx
FNDA:0,(anonymous_8)
FNDA:0,(anonymous_9)
FNDA:0,(anonymous_11)
FNDA:0,(anonymous_13)
FNDA:0,(anonymous_15)
DA:6,0
DA:19,1
DA:20,0
DA:23,0
DA:32,0
DA:36,0
DA:37,0
DA:41,0
DA:42,0
DA:46,0
LF:10
LH:1
BRDA:11,0,0,0
BRDA:11,0,1,0
BRDA:11,1,0,0
BRDA:11,1,1,0
BRDA:12,2,0,0
BRDA:12,2,1,0
BRDA:12,3,0,0
BRDA:12,3,1,0
BRDA:13,4,0,0
BRDA:13,4,1,0
BRDA:13,5,0,0
BRDA:13,5,1,0
BRDA:28,6,0,0
BRDA:28,6,1,0
BRDA:28,7,0,0
BRDA:28,7,1,0
BRDA:29,8,0,0
BRDA:29,8,1,0
BRDA:29,9,0,0
BRDA:29,9,1,0
BRDA:37,10,0,0
BRDA:37,10,1,0
BRDA:42,11,0,0
BRDA:42,11,1,0
BRDA:50,12,0,0
BRDA:50,12,1,0
BRDA:50,13,0,0
BRDA:50,13,1,0
BRDA:51,14,0,0
BRDA:51,14,1,0
BRDA:51,15,0,0
BRDA:51,15,1,0
BRDA:52,16,0,0
BRDA:52,16,1,0
BRDA:52,17,0,0
BRDA:52,17,1,0
BRF:36
BRH:0
end_of_record
TN:
SF:src\interface\http\payment\payment.dto.ts
FN:16,validateCreatePaymentRequest
FNF:1
FNH:1
FNDA:6,validateCreatePaymentRequest
DA:1,1
DA:16,1
DA:17,6
DA:18,0
DA:23,6
DA:25,6
DA:26,6
DA:28,6
DA:30,6
DA:31,1
DA:34,6
DA:35,1
DA:38,6
DA:39,1
DA:41,5
DA:42,5
DA:43,0
DA:45,5
DA:46,1
DA:48,5
DA:49,1
DA:51,5
DA:52,1
DA:56,6
DA:57,4
DA:60,2
LF:26
LH:24
BRDA:17,0,0,0
BRDA:17,1,0,6
BRDA:17,1,1,6
BRDA:30,2,0,1
BRDA:30,3,0,6
BRDA:30,3,1,6
BRDA:34,4,0,1
BRDA:34,5,0,6
BRDA:34,5,1,6
BRDA:38,6,0,1
BRDA:38,6,1,5
BRDA:38,7,0,6
BRDA:38,7,1,5
BRDA:42,8,0,0
BRDA:42,9,0,5
BRDA:42,9,1,5
BRDA:45,10,0,1
BRDA:45,11,0,5
BRDA:45,11,1,4
BRDA:48,12,0,1
BRDA:48,13,0,5
BRDA:48,13,1,4
BRDA:51,14,0,1
BRDA:51,15,0,5
BRDA:51,15,1,4
BRDA:56,16,0,4
BRF:26
BRH:24
end_of_record
TN:
SF:src\modules\account\account.service.ts
FN:5,(anonymous_7)
FN:7,(anonymous_8)
FN:11,(anonymous_10)
FNF:3
FNH:3
FNDA:9,(anonymous_7)
FNDA:1,(anonymous_8)
FNDA:9,(anonymous_10)
DA:4,3
DA:5,9
DA:8,1
DA:12,9
LF:4
LH:4
BRF:0
BRH:0
end_of_record
TN:
SF:src\modules\transaction\transaction.service.ts
FN:9,(anonymous_7)
FN:15,(anonymous_8)
FN:30,(anonymous_10)
FN:61,(anonymous_12)
FNF:4
FNH:4
FNDA:7,(anonymous_7)
FNDA:5,(anonymous_8)
FNDA:5,(anonymous_10)
FNDA:3,(anonymous_12)
DA:1,2
DA:6,2
DA:8,2
DA:10,7
DA:11,7
DA:12,7
DA:16,5
DA:17,5
DA:19,5
DA:20,5
DA:31,5
DA:32,5
DA:33,1
DA:34,1
DA:38,4
DA:39,1
DA:40,1
DA:43,3
DA:45,3
DA:46,2
DA:47,2
DA:48,2
DA:49,2
DA:50,2
DA:51,2
DA:53,1
DA:54,1
DA:55,1
DA:56,1
DA:57,1
DA:62,3
DA:63,3
DA:64,2
LF:33
LH:33
BRDA:32,0,0,1
BRDA:38,1,0,1
BRDA:38,2,0,4
BRDA:38,2,1,3
BRDA:45,3,0,2
BRDA:45,3,1,1
BRDA:54,4,0,1
BRDA:54,4,1,0
BRDA:63,5,0,1
BRF:9
BRH:8
end_of_record
TN:
SF:src\shared\errors\http-error.ts
FN:2,(anonymous_0)
FNF:1
FNH:1
FNDA:5,(anonymous_0)
DA:1,3
DA:3,5
DA:4,5
DA:6,5
DA:8,5
LF:5
LH:5
BRF:0
BRH:0
end_of_record
