TN:
SF:src\infrastructure\gateways\cybersource.simulator.ts
FN:15,(anonymous_7)
FN:21,(anonymous_8)
FN:25,(anonymous_9)
FN:26,(anonymous_11)
FNF:4
FNH:4
FNDA:6,(anonymous_7)
FNDA:3,(anonymous_8)
FNDA:3,(anonymous_9)
FNDA:3,(anonymous_11)
DA:1,1
DA:14,1
DA:16,6
DA:17,6
DA:18,6
DA:22,3
DA:26,3
DA:28,3
DA:29,1
DA:32,2
DA:33,0
DA:36,2
LF:12
LH:11
BRDA:16,0,0,0
BRDA:17,1,0,0
BRDA:18,2,0,6
BRDA:28,3,0,1
BRDA:28,3,1,2
BRDA:32,4,0,0
BRDA:32,4,1,2
BRDA:32,5,0,2
BRDA:32,5,1,0
BRF:9
BRH:5
end_of_record
TN:
SF:src\infrastructure\persistance\account.repository.memory.ts
FN:7,(anonymous_0)
FN:17,(anonymous_1)
FN:21,(anonymous_2)
FNF:3
FNH:2
FNDA:11,(anonymous_0)
FNDA:0,(anonymous_1)
FNDA:3,(anonymous_2)
DA:4,2
DA:6,2
DA:8,11
DA:9,11
DA:11,4
DA:12,4
DA:13,4
DA:14,4
DA:18,0
DA:22,3
DA:23,3
DA:25,3
DA:31,3
DA:32,3
LF:14
LH:13
BRDA:9,0,0,7
BRDA:9,0,1,4
BRF:2
BRH:2
end_of_record
TN:
SF:src\infrastructure\persistance\memory-db.ts
FN:11,(anonymous_0)
FN:13,(anonymous_1)
FN:20,(anonymous_2)
FNF:3
FNH:3
FNDA:2,(anonymous_0)
FNDA:2,(anonymous_1)
FNDA:7,(anonymous_2)
DA:7,2
DA:8,2
DA:9,2
DA:14,2
DA:15,2
DA:17,2
DA:21,7
DA:22,7
DA:23,7
DA:24,7
DA:28,2
LF:11
LH:11
BRDA:14,0,0,2
BRDA:14,0,1,0
BRF:2
BRH:1
end_of_record
TN:
SF:src\infrastructure\persistance\transaction.repository.memory.ts
FN:7,(anonymous_0)
FN:13,(anonymous_1)
FN:14,(anonymous_2)
FN:17,(anonymous_3)
FN:18,(anonymous_4)
FN:22,(anonymous_5)
FNF:6
FNH:5
FNDA:5,(anonymous_0)
FNDA:12,(anonymous_1)
FNDA:11,(anonymous_2)
FNDA:3,(anonymous_3)
FNDA:3,(anonymous_4)
FNDA:0,(anonymous_5)
DA:4,1
DA:6,1
DA:8,5
DA:9,5
DA:10,5
DA:14,12
DA:18,3
DA:19,3
DA:23,0
LF:9
LH:8
BRDA:19,0,0,3
BRDA:19,0,1,0
BRF:2
BRH:1
end_of_record
TN:
SF:src\interface\http\payment\payment.dto.ts
FN:8,validateCreatePaymentRequest
FNF:1
FNH:1
FNDA:6,validateCreatePaymentRequest
DA:1,1
DA:8,1
DA:9,6
DA:10,0
DA:15,6
DA:17,6
DA:18,6
DA:20,6
DA:22,6
DA:23,2
DA:26,6
DA:27,2
DA:30,6
DA:31,4
DA:34,2
LF:15
LH:14
BRDA:9,0,0,0
BRDA:9,0,1,6
BRDA:9,1,0,6
BRDA:9,1,1,6
BRDA:22,2,0,2
BRDA:22,2,1,4
BRDA:22,3,0,6
BRDA:22,3,1,6
BRDA:26,4,0,2
BRDA:26,4,1,4
BRDA:26,5,0,6
BRDA:26,5,1,6
BRDA:30,6,0,4
BRDA:30,6,1,2
BRF:14
BRH:13
end_of_record
TN:
SF:src\modules\account\account.service.ts
FN:5,(anonymous_7)
FN:8,(anonymous_8)
FN:10,(anonymous_10)
FN:14,(anonymous_11)
FNF:4
FNH:4
FNDA:7,(anonymous_7)
FNDA:3,(anonymous_8)
FNDA:3,(anonymous_10)
FNDA:8,(anonymous_11)
DA:4,2
DA:5,7
DA:10,3
DA:11,3
DA:15,8
LF:5
LH:5
BRF:0
BRH:0
end_of_record
TN:
SF:src\modules\transaction\transaction.service.ts
FN:8,(anonymous_7)
FN:14,(anonymous_8)
FN:28,(anonymous_9)
FN:68,(anonymous_11)
FNF:4
FNH:4
FNDA:6,(anonymous_7)
FNDA:3,(anonymous_8)
FNDA:7,(anonymous_9)
FNDA:5,(anonymous_11)
DA:1,1
DA:7,1
DA:9,6
DA:10,6
DA:11,6
DA:15,3
DA:17,3
DA:18,3
DA:29,7
DA:30,7
DA:31,1
DA:34,6
DA:35,2
DA:38,4
DA:39,1
DA:46,3
DA:47,3
DA:49,2
DA:50,2
DA:51,2
DA:52,2
DA:53,2
DA:55,2
DA:57,1
DA:58,1
DA:59,1
DA:60,1
DA:61,1
DA:64,1
DA:69,5
DA:70,5
DA:71,5
LF:32
LH:32
BRDA:30,0,0,1
BRDA:30,0,1,6
BRDA:34,1,0,2
BRDA:34,1,1,4
BRDA:34,2,0,6
BRDA:34,2,1,5
BRDA:38,3,0,1
BRDA:38,3,1,3
BRDA:59,4,0,1
BRDA:59,4,1,0
BRDA:59,5,0,1
BRDA:59,5,1,1
BRDA:59,6,0,0
BRDA:59,6,1,1
BRDA:59,7,0,1
BRDA:59,7,1,1
BRDA:70,8,0,0
BRDA:70,8,1,5
BRF:18
BRH:15
end_of_record
TN:
SF:src\shared\errors\http-error.ts
FN:2,(anonymous_0)
FNF:1
FNH:1
FNDA:7,(anonymous_0)
DA:1,2
DA:3,7
DA:4,7
DA:6,7
DA:8,7
LF:5
LH:5
BRF:0
BRH:0
end_of_record
TN:
SF:src\tests\test-utils.ts
FN:1,flushMicrotasks
FN:1,(anonymous_8)
FNF:2
FNH:2
FNDA:8,flushMicrotasks
FNDA:8,(anonymous_8)
DA:1,8
DA:2,8
DA:3,40
LF:3
LH:3
BRDA:1,0,0,8
BRF:1
BRH:1
end_of_record
